#
# A fatal error has been detected by the Java Runtime Environment:
#
#  SIGSEGV (0xb) at pc=0x00007fb4f0c93dfc, pid=6466, tid=140415387612928
#
# JRE version: Java(TM) SE Runtime Environment (8.0_20-b26) (build 1.8.0_20-b26)
# Java VM: Java HotSpot(TM) 64-Bit Server VM (25.20-b23 mixed mode linux-amd64 compressed oops)
# Problematic frame:
# C  [libgdx-box2d64.so+0x1edfc]  b2DynamicTree::RemoveLeaf(int)+0xac
#
# Failed to write core dump. Core dumps have been disabled. To enable core dumping, try "ulimit -c unlimited" before starting Java again
#
# If you would like to submit a bug report, please visit:
#   http://bugreport.sun.com/bugreport/crash.jsp
# The crash happened outside the Java Virtual Machine in native code.
# See problematic frame for where to report the bug.
#

---------------  T H R E A D  ---------------

Current thread (0x00007fb5643b8800):  JavaThread "LWJGL Application" [_thread_in_native, id=6492, stack(0x00007fb5013cb000,0x00007fb5014cc000)]

siginfo: si_signo: 11 (SIGSEGV), si_code: 1 (SEGV_MAPERR), si_addr: 0x00007fb3e65bb8a4

Registers:
RAX=0x00007fb4f9167650, RBX=0x00000000000002cf, RCX=0x00007fb3e65bb8a0, RDX=0x00007fb4f91606e8
RSP=0x00007fb5014ca330, RBP=0x00007fb4f9110390, RSI=0x0000000000000019, RDI=0x00007fb4f9110390
R8 =0x00007fb4f9160620, R9 =0x0000000000000005, R10=0x00007fb55533dcf8, R11=0x00007fb4f0ec0df0
R12=0x00007fb4f9110390, R13=0x00007fb5014ca3c0, R14=0x0000000000000208, R15=0x00007fb4f9110720
RIP=0x00007fb4f0c93dfc, EFLAGS=0x0000000000010202, CSGSFS=0x0000000000000033, ERR=0x0000000000000004
  TRAPNO=0x000000000000000e

Top of Stack: (sp=0x00007fb5014ca330)
0x00007fb5014ca330:   00007fb5014ca350 00007fb4f9118580
0x00007fb5014ca340:   000000000000000d 00007fb4f0c93f92
0x00007fb5014ca350:   00007fb4f9110390 000000000000000d
0x00007fb5014ca360:   00007fb4f9118580 0000000000000001
0x00007fb5014ca370:   0000000000000020 00007fb4f0c8eb30
0x00007fb5014ca380:   3fe4978fa3269ee1 00007fb4f90ec82c
0x00007fb5014ca390:   00007fb4f90ec82c 00007fb4f0caacff
0x00007fb5014ca3a0:   00007fb4f9110390 00007fb5014ca3d0
0x00007fb5014ca3b0:   00007fb5014ca3e0 00007fb5014ca3c0
0x00007fb5014ca3c0:   0000000000000000 0000000000000000
0x00007fb5014ca3d0:   402a2f104002fa37 402f76be402741e5
0x00007fb5014ca3e0:   402a2f104002fa37 402f76be402741e5
0x00007fb5014ca3f0:   00007fb5643b8800 00007fb4f9110720
0x00007fb5014ca400:   00007fb4f90ec82c 00007fb4f9110390
0x00007fb5014ca410:   00000000e7700a60 00007fb5014c9f50
0x00007fb5014ca420:   00007fb5643b8800 00007fb4f0ca98a1
0x00007fb5014ca430:   00000000e777d900 000000003f800000
0x00007fb5014ca440:   00007fb4f0aa4de8 00007fb5014ca4c0
0x00007fb5014ca450:   0000000000000000 00007fb4f0cb02dd
0x00007fb5014ca460:   404f52e740151e0e 00007fb569eb807e
0x00007fb5014ca470:   00007fb5643b8800 00007fb55533dd9e
0x00007fb5014ca480:   00000000e777d900 00007fb5643b8800
0x00007fb5014ca490:   00007fb5014ca7e0 00007fb55548f420
0x00007fb5014ca4a0:   00000000e777d900 00000000e7765508
0x00007fb5014ca4b0:   00007fb53c8f0394 00000000e7700a60
0x00007fb5014ca4c0:   00007fb5014ca7e0 00007fb5553e58dc
0x00007fb5014ca4d0:   00007fb500000019 00007fb4f0cb04bb
0x00007fb5014ca4e0:   00007fb4f0ae5910 0000000000000000
0x00007fb5014ca4f0:   00007fb5014ca540 00007fb5553227fe
0x00007fb5014ca500:   00000000e7766198 0000000000000000
0x00007fb5014ca510:   00000000e77661f0 0000000000000000
0x00007fb5014ca520:   0000000000000001 0000000000000000 

Instructions: (pc=0x00007fb4f0c93dfc)
0x00007fb4f0c93ddc:   48 63 70 1c 8b 58 18 48 8d 0c 89 48 8d 34 b6 48
0x00007fb4f0c93dec:   8d 0c ca 48 8d 14 f2 f3 0f 10 42 04 f3 0f 10 0a
0x00007fb4f0c93dfc:   f3 0f 5d 41 04 f3 0f 5d 09 f3 0f 11 40 04 f3 0f
0x00007fb4f0c93e0c:   11 08 f3 0f 10 42 0c f3 0f 10 4a 08 f3 0f 5f 41 

Register to memory mapping:

RAX=0x00007fb4f9167650 is an unknown value
RBX=0x00000000000002cf is an unknown value
RCX=0x00007fb3e65bb8a0 is an unknown value
RDX=0x00007fb4f91606e8 is an unknown value
RSP=0x00007fb5014ca330 is pointing into the stack for thread: 0x00007fb5643b8800
RBP=0x00007fb4f9110390 is an unknown value
RSI=0x0000000000000019 is an unknown value
RDI=0x00007fb4f9110390 is an unknown value
R8 =0x00007fb4f9160620 is an unknown value
R9 =0x0000000000000005 is an unknown value
R10=0x00007fb55533dcf8 is at entry_point+56 in (nmethod*)0x00007fb55533db50
R11=0x00007fb4f0ec0df0: _ZTV14b2PolygonShape+0x10 in /tmp/libgdxafonso/b7746481/libgdx-box2d64.so at 0x00007fb4f0c75000
R12=0x00007fb4f9110390 is an unknown value
R13=0x00007fb5014ca3c0 is pointing into the stack for thread: 0x00007fb5643b8800
R14=0x0000000000000208 is an unknown value
R15=0x00007fb4f9110720 is an unknown value


Stack: [0x00007fb5013cb000,0x00007fb5014cc000],  sp=0x00007fb5014ca330,  free space=1020k
Native frames: (J=compiled Java code, j=interpreted, Vv=VM code, C=native code)
C  [libgdx-box2d64.so+0x1edfc]  b2DynamicTree::RemoveLeaf(int)+0xac

Java frames: (J=compiled Java code, j=interpreted, Vv=VM code)
J 909  com.badlogic.gdx.physics.box2d.Body.jniSetTransform(JFFF)V (0 bytes) @ 0x00007fb55533dcf8 [0x00007fb55533dcc0+0x38]
J 1138 C1 com.afonsobordado.CommanderGDX.entities.player.LocalClientPlayer.update(F)V (454 bytes) @ 0x00007fb5553e58dc [0x00007fb5553e47a0+0x113c]
J 1281 C1 com.afonsobordado.CommanderGDX.states.Play.update(F)V (230 bytes) @ 0x00007fb55547fec4 [0x00007fb55547f460+0xa64]
J 1441 C1 com.afonsobordado.CommanderGDX.Game.render()V (26 bytes) @ 0x00007fb555523fdc [0x00007fb555523960+0x67c]
j  com.badlogic.gdx.backends.lwjgl.LwjglApplication.mainLoop()V+619
j  com.badlogic.gdx.backends.lwjgl.LwjglApplication$1.run()V+27
v  ~StubRoutines::call_stub

---------------  P R O C E S S  ---------------

Java Threads: ( => current thread )
  0x00007fb4f89c4800 JavaThread "AsynchExecutor-Thread" daemon [_thread_blocked, id=6498, stack(0x00007fb4f0fc4000,0x00007fb4f10c5000)]
  0x00007fb4f899b000 JavaThread "Thread-1" [_thread_in_native, id=6497, stack(0x00007fb5000ec000,0x00007fb5001ed000)]
  0x00007fb4f800c000 JavaThread "process reaper" daemon [_thread_blocked, id=6494, stack(0x00007fb54c094000,0x00007fb54c0cd000)]
  0x00007fb56400a000 JavaThread "DestroyJavaVM" [_thread_blocked, id=6467, stack(0x00007fb56b28f000,0x00007fb56b390000)]
=>0x00007fb5643b8800 JavaThread "LWJGL Application" [_thread_in_native, id=6492, stack(0x00007fb5013cb000,0x00007fb5014cc000)]
  0x00007fb564311000 JavaThread "AWT-XAWT" daemon [_thread_in_native, id=6488, stack(0x00007fb544572000,0x00007fb544673000)]
  0x00007fb5642f0000 JavaThread "Java2D Disposer" daemon [_thread_blocked, id=6487, stack(0x00007fb544a83000,0x00007fb544b84000)]
  0x00007fb5640bd000 JavaThread "Service Thread" daemon [_thread_blocked, id=6485, stack(0x00007fb546d11000,0x00007fb546e12000)]
  0x00007fb5640b7800 JavaThread "C1 CompilerThread2" daemon [_thread_blocked, id=6484, stack(0x00007fb546e12000,0x00007fb546f13000)]
  0x00007fb5640b5800 JavaThread "C2 CompilerThread1" daemon [_thread_in_native, id=6483, stack(0x00007fb546f13000,0x00007fb547014000)]
  0x00007fb5640b2800 JavaThread "C2 CompilerThread0" daemon [_thread_in_native, id=6482, stack(0x00007fb547014000,0x00007fb547115000)]
  0x00007fb5640b0800 JavaThread "Signal Dispatcher" daemon [_thread_blocked, id=6481, stack(0x00007fb547115000,0x00007fb547216000)]
  0x00007fb564080000 JavaThread "Finalizer" daemon [_thread_blocked, id=6480, stack(0x00007fb5478f9000,0x00007fb5479fa000)]
  0x00007fb56407e000 JavaThread "Reference Handler" daemon [_thread_blocked, id=6479, stack(0x00007fb5479fa000,0x00007fb547afb000)]

Other Threads:
  0x00007fb564077000 VMThread [stack: 0x00007fb547afb000,0x00007fb547bfc000] [id=6478]
  0x00007fb5640bf800 WatcherThread [stack: 0x00007fb546c10000,0x00007fb546d11000] [id=6486]

VM state:not at safepoint (normal execution)

VM Mutex/Monitor currently owned by a thread: None

Heap:
 PSYoungGen      total 23552K, used 6260K [0x00000000e6300000, 0x00000000e7d00000, 0x0000000100000000)
  eden space 20480K, 15% used [0x00000000e6300000,0x00000000e6621470,0x00000000e7700000)
  from space 3072K, 99% used [0x00000000e7700000,0x00000000e79fbec0,0x00000000e7a00000)
  to   space 3072K, 0% used [0x00000000e7a00000,0x00000000e7a00000,0x00000000e7d00000)
 ParOldGen       total 53248K, used 2023K [0x00000000b2800000, 0x00000000b5c00000, 0x00000000e6300000)
  object space 53248K, 3% used [0x00000000b2800000,0x00000000b29f9cc8,0x00000000b5c00000)
 Metaspace       used 11802K, capacity 11943K, committed 12288K, reserved 1060864K
  class space    used 1142K, capacity 1210K, committed 1280K, reserved 1048576K

Card table byte_map: [0x00007fb554d93000,0x00007fb555000000] byte_map_base: 0x00007fb5547ff000

Marking Bits: (ParMarkBitMap*) 0x00007fb56a76dac0
 Begin Bits: [0x00007fb54d940000, 0x00007fb54eca0000)
 End Bits:   [0x00007fb54eca0000, 0x00007fb550000000)

Polling page: 0x00007fb56b3b4000

CodeCache: size=245760Kb used=5305Kb max_used=5320Kb free=240454Kb
 bounds [0x00007fb555000000, 0x00007fb555540000, 0x00007fb564000000]
 total_blobs=2080 nmethods=1461 adapters=535
 compilation: enabled

Compilation events (10 events):
Event: 12,610 Thread 0x00007fb5640b7800 nmethod 1455 0x00007fb55552a9d0 code [0x00007fb55552ab60, 0x00007fb55552af48]
Event: 12,610 Thread 0x00007fb5640b2800 1457   !   4       com.esotericsoftware.kryo.Kryo::readClassAndObject (261 bytes)
Event: 12,611 Thread 0x00007fb5640b5800 nmethod 1456 0x00007fb555468a10 code [0x00007fb555468b60, 0x00007fb555468c18]
Event: 12,611 Thread 0x00007fb5640b5800 1458       4       java.util.HashSet::iterator (13 bytes)
Event: 12,616 Thread 0x00007fb5640b5800 nmethod 1458 0x00007fb5555287d0 code [0x00007fb555528940, 0x00007fb555528cb8]
Event: 12,633 Thread 0x00007fb5640b2800 nmethod 1457 0x00007fb555531b10 code [0x00007fb555531e00, 0x00007fb555532c58]
Event: 12,656 Thread 0x00007fb5640b5800 1459   !   4       sun.nio.ch.DatagramChannelImpl::receive (542 bytes)
Event: 12,662 Thread 0x00007fb5640b2800 1461       4       java.nio.HeapByteBuffer::get (54 bytes)
Event: 12,668 Thread 0x00007fb5640b2800 nmethod 1461 0x00007fb555529050 code [0x00007fb5555291a0, 0x00007fb555529358]
Event: 12,668 Thread 0x00007fb5640b2800 1460   !   4       sun.nio.ch.DatagramChannelImpl::receive (141 bytes)

GC Heap History (2 events):
Event: 1,667 GC heap before
{Heap before GC invocations=1 (full 0):
 PSYoungGen      total 23552K, used 20480K [0x00000000e6300000, 0x00000000e7d00000, 0x0000000100000000)
  eden space 20480K, 100% used [0x00000000e6300000,0x00000000e7700000,0x00000000e7700000)
  from space 3072K, 0% used [0x00000000e7a00000,0x00000000e7a00000,0x00000000e7d00000)
  to   space 3072K, 0% used [0x00000000e7700000,0x00000000e7700000,0x00000000e7a00000)
 ParOldGen       total 53248K, used 0K [0x00000000b2800000, 0x00000000b5c00000, 0x00000000e6300000)
  object space 53248K, 0% used [0x00000000b2800000,0x00000000b2800000,0x00000000b5c00000)
 Metaspace       used 11481K, capacity 11623K, committed 11776K, reserved 1060864K
  class space    used 1141K, capacity 1210K, committed 1280K, reserved 1048576K
Event: 1,677 GC heap after
Heap after GC invocations=1 (full 0):
 PSYoungGen      total 23552K, used 3055K [0x00000000e6300000, 0x00000000e7d00000, 0x0000000100000000)
  eden space 20480K, 0% used [0x00000000e6300000,0x00000000e6300000,0x00000000e7700000)
  from space 3072K, 99% used [0x00000000e7700000,0x00000000e79fbec0,0x00000000e7a00000)
  to   space 3072K, 0% used [0x00000000e7a00000,0x00000000e7a00000,0x00000000e7d00000)
 ParOldGen       total 53248K, used 2023K [0x00000000b2800000, 0x00000000b5c00000, 0x00000000e6300000)
  object space 53248K, 3% used [0x00000000b2800000,0x00000000b29f9cc8,0x00000000b5c00000)
 Metaspace       used 11481K, capacity 11623K, committed 11776K, reserved 1060864K
  class space    used 1141K, capacity 1210K, committed 1280K, reserved 1048576K
}

Deoptimization events (5 events):
Event: 3,941 Thread 0x00007fb4f899b000 Uncommon trap: reason=unreached action=reinterpret pc=0x00007fb5553e3208 method=com.esotericsoftware.kryo.util.ObjectMap.get(Ljava/lang/Object;)Ljava/lang/Object; @ 22
Event: 3,944 Thread 0x00007fb5643b8800 Uncommon trap: reason=unreached action=reinterpret pc=0x00007fb55538e83c method=com.badlogic.gdx.physics.box2d.Fixture.getShape()Lcom/badlogic/gdx/physics/box2d/Shape; @ 4
Event: 6,259 Thread 0x00007fb4f899b000 Uncommon trap: reason=unreached action=reinterpret pc=0x00007fb55541e4a4 method=java.util.HashMap$HashIterator.nextNode()Ljava/util/HashMap$Node; @ 95
Event: 9,256 Thread 0x00007fb4f899b000 Uncommon trap: reason=uninitialized action=reinterpret pc=0x00007fb555438410 method=com.esotericsoftware.kryonet.Client.keepAlive()V @ 24
Event: 10,220 Thread 0x00007fb4f899b000 Uncommon trap: reason=unreached action=reinterpret pc=0x00007fb5554a7030 method=com.esotericsoftware.kryo.Kryo.newInstance(Ljava/lang/Class;)Ljava/lang/Object; @ 12

Internal exceptions (10 events):
Event: 1,345 Thread 0x00007fb5643b8800 Exception <a 'java/security/PrivilegedActionException'> (0x00000000e76b81c0) thrown at [/HUDSON/workspace/8-2-build-linux-amd64/jdk8u20/1074/hotspot/src/share/vm/prims/jvm.cpp, line 1275]
Event: 1,355 Thread 0x00007fb5643b8800 Exception <a 'java/security/PrivilegedActionException'> (0x00000000e76bf428) thrown at [/HUDSON/workspace/8-2-build-linux-amd64/jdk8u20/1074/hotspot/src/share/vm/prims/jvm.cpp, line 1275]
Event: 1,356 Thread 0x00007fb5643b8800 Exception <a 'java/security/PrivilegedActionException'> (0x00000000e76c37d8) thrown at [/HUDSON/workspace/8-2-build-linux-amd64/jdk8u20/1074/hotspot/src/share/vm/prims/jvm.cpp, line 1275]
Event: 1,356 Thread 0x00007fb5643b8800 Exception <a 'java/security/PrivilegedActionException'> (0x00000000e76c7a08) thrown at [/HUDSON/workspace/8-2-build-linux-amd64/jdk8u20/1074/hotspot/src/share/vm/prims/jvm.cpp, line 1275]
Event: 1,357 Thread 0x00007fb5643b8800 Exception <a 'java/security/PrivilegedActionException'> (0x00000000e76cbe70) thrown at [/HUDSON/workspace/8-2-build-linux-amd64/jdk8u20/1074/hotspot/src/share/vm/prims/jvm.cpp, line 1275]
Event: 1,364 Thread 0x00007fb5643b8800 Exception <a 'java/security/PrivilegedActionException'> (0x00000000e76d3698) thrown at [/HUDSON/workspace/8-2-build-linux-amd64/jdk8u20/1074/hotspot/src/share/vm/prims/jvm.cpp, line 1275]
Event: 3,944 Thread 0x00007fb5643b8800 Implicit null exception at 0x00007fb55538cb4e to 0x00007fb55538e81d
Event: 10,220 Thread 0x00007fb4f899b000 Implicit null exception at 0x00007fb5554a69ea to 0x00007fb5554a700d
Event: 10,220 Thread 0x00007fb4f899b000 Exception <a 'java/security/PrivilegedActionException'> (0x00000000e653dc28) thrown at [/HUDSON/workspace/8-2-build-linux-amd64/jdk8u20/1074/hotspot/src/share/vm/prims/jvm.cpp, line 1275]
Event: 10,220 Thread 0x00007fb4f899b000 Exception <a 'java/security/PrivilegedActionException'> (0x00000000e6540410) thrown at [/HUDSON/workspace/8-2-build-linux-amd64/jdk8u20/1074/hotspot/src/share/vm/prims/jvm.cpp, line 1275]

Events (10 events):
Event: 8,140 Thread 0x00007fb5643b8800 DEOPT PACKING pc=0x00007fb5553f483c sp=0x00007fb5014ca410
Event: 8,140 Thread 0x00007fb5643b8800 DEOPT UNPACKING pc=0x00007fb555046f73 sp=0x00007fb5014ca1f0 mode 0
Event: 9,256 Thread 0x00007fb4f899b000 Uncommon trap: trap_request=0xffffffb5 fr.pc=0x00007fb555438410
Event: 9,256 Thread 0x00007fb4f899b000 DEOPT PACKING pc=0x00007fb555438410 sp=0x00007fb5001eb730
Event: 9,256 Thread 0x00007fb4f899b000 DEOPT UNPACKING pc=0x00007fb555004f69 sp=0x00007fb5001eb6f0 mode 2
Event: 10,220 Thread 0x00007fb4f899b000 Uncommon trap: trap_request=0xffffffad fr.pc=0x00007fb5554a7030
Event: 10,220 Thread 0x00007fb4f899b000 DEOPT PACKING pc=0x00007fb5554a7030 sp=0x00007fb5001eb530
Event: 10,220 Thread 0x00007fb4f899b000 DEOPT UNPACKING pc=0x00007fb555004f69 sp=0x00007fb5001eb430 mode 2
Event: 10,220 loading class com/afonsobordado/CommanderGDX/packets/PacketBulletConstructorAccess
Event: 10,220 loading class com/afonsobordado/CommanderGDX/packets/PacketBulletConstructorAccess done


Dynamic libraries:
00400000-00401000 r-xp 00000000 08:06 4718643                            /opt/jdk1.8.0_20/bin/java
00600000-00601000 rw-p 00000000 08:06 4718643                            /opt/jdk1.8.0_20/bin/java
01cbd000-01cde000 rw-p 00000000 00:00 0                                  [heap]
b2800000-b5c00000 rw-p 00000000 00:00 0 
b5c00000-e6300000 ---p 00000000 00:00 0 
e6300000-e7d00000 rw-p 00000000 00:00 0 
e7d00000-100000000 ---p 00000000 00:00 0 
100000000-100140000 rw-p 00000000 00:00 0 
100140000-140000000 ---p 00000000 00:00 0 
7fb4d8000000-7fb4d8021000 rw-p 00000000 00:00 0 
7fb4d8021000-7fb4dc000000 ---p 00000000 00:00 0 
7fb4df000000-7fb4e0000000 rw-s 0a43a000 00:05 8015                       /dev/ati/card0
7fb4e0000000-7fb4e0299000 rw-p 00000000 00:00 0 
7fb4e0299000-7fb4e4000000 ---p 00000000 00:00 0 
7fb4e4000000-7fb4e4021000 rw-p 00000000 00:00 0 
7fb4e4021000-7fb4e8000000 ---p 00000000 00:00 0 
7fb4e8000000-7fb4e8021000 rw-p 00000000 00:00 0 
7fb4e8021000-7fb4ec000000 ---p 00000000 00:00 0 
7fb4ec000000-7fb4ec021000 rw-p 00000000 00:00 0 
7fb4ec021000-7fb4f0000000 ---p 00000000 00:00 0 
7fb4f0975000-7fb4f0a75000 rw-s 0a438000 00:05 8015                       /dev/ati/card0
7fb4f0a75000-7fb4f0b35000 rw-p 00000000 00:00 0 
7fb4f0b35000-7fb4f0c75000 ---p 00000000 00:00 0 
7fb4f0c75000-7fb4f0cc1000 r-xp 00000000 08:06 4981390                    /tmp/libgdxafonso/b7746481/libgdx-box2d64.so
7fb4f0cc1000-7fb4f0ec0000 ---p 0004c000 08:06 4981390                    /tmp/libgdxafonso/b7746481/libgdx-box2d64.so
7fb4f0ec0000-7fb4f0ec2000 r--p 0004b000 08:06 4981390                    /tmp/libgdxafonso/b7746481/libgdx-box2d64.so
7fb4f0ec2000-7fb4f0ec3000 rw-p 0004d000 08:06 4981390                    /tmp/libgdxafonso/b7746481/libgdx-box2d64.so
7fb4f0ec3000-7fb4f0ec6000 ---p 00000000 00:00 0 
7fb4f0ec6000-7fb4f0fc4000 rw-p 00000000 00:00 0 
7fb4f0fc4000-7fb4f0fc7000 ---p 00000000 00:00 0 
7fb4f0fc7000-7fb4f12c5000 rw-p 00000000 00:00 0                          [stack:6498]
7fb4f12c5000-7fb4f12c6000 ---p 00000000 00:00 0 
7fb4f12c6000-7fb4f1ac6000 rw-p 00000000 00:00 0                          [stack:6496]
7fb4f1ac6000-7fb4f3c1d000 r-xp 00000000 08:06 5508782                    /usr/lib/fglrx/dri/fglrx_dri.so
7fb4f3c1d000-7fb4f3d1c000 ---p 02157000 08:06 5508782                    /usr/lib/fglrx/dri/fglrx_dri.so
7fb4f3d1c000-7fb4f3ec8000 rwxp 02156000 08:06 5508782                    /usr/lib/fglrx/dri/fglrx_dri.so
7fb4f3ec8000-7fb4f4000000 rwxp 00000000 00:00 0 
7fb4f4000000-7fb4f4021000 rw-p 00000000 00:00 0 
7fb4f4021000-7fb4f8000000 ---p 00000000 00:00 0 
7fb4f8000000-7fb4f94a3000 rw-p 00000000 00:00 0 
7fb4f94a3000-7fb4fc000000 ---p 00000000 00:00 0 
7fb4fc000000-7fb4fc021000 rw-p 00000000 00:00 0 
7fb4fc021000-7fb500000000 ---p 00000000 00:00 0 
7fb5000ec000-7fb5000ef000 ---p 00000000 00:00 0 
7fb5000ef000-7fb5001ed000 rw-p 00000000 00:00 0                          [stack:6497]
7fb5001ed000-7fb5001fe000 r-xp 00000000 08:06 4720275                    /opt/jdk1.8.0_20/jre/lib/amd64/libnio.so
7fb5001fe000-7fb5003fd000 ---p 00011000 08:06 4720275                    /opt/jdk1.8.0_20/jre/lib/amd64/libnio.so
7fb5003fd000-7fb5003fe000 rw-p 00010000 08:06 4720275                    /opt/jdk1.8.0_20/jre/lib/amd64/libnio.so
7fb5003fe000-7fb500414000 r-xp 00000000 08:06 4720272                    /opt/jdk1.8.0_20/jre/lib/amd64/libnet.so
7fb500414000-7fb500614000 ---p 00016000 08:06 4720272                    /opt/jdk1.8.0_20/jre/lib/amd64/libnet.so
7fb500614000-7fb500615000 rw-p 00016000 08:06 4720272                    /opt/jdk1.8.0_20/jre/lib/amd64/libnet.so
7fb500615000-7fb500d15000 rw-s 00006000 00:05 8015                       /dev/ati/card0
7fb500d15000-7fb500d17000 r-xp 00000000 08:06 5513024                    /usr/lib/x86_64-linux-gnu/libXinerama.so.1.0.0
7fb500d17000-7fb500f16000 ---p 00002000 08:06 5513024                    /usr/lib/x86_64-linux-gnu/libXinerama.so.1.0.0
7fb500f16000-7fb500f17000 r--p 00001000 08:06 5513024                    /usr/lib/x86_64-linux-gnu/libXinerama.so.1.0.0
7fb500f17000-7fb500f18000 rw-p 00002000 08:06 5513024                    /usr/lib/x86_64-linux-gnu/libXinerama.so.1.0.0
7fb500f18000-7fb500fb9000 r-xp 00000000 08:06 5508776                    /usr/lib/fglrx/libatiadlxx.so
7fb500fb9000-7fb5010b9000 ---p 000a1000 08:06 5508776                    /usr/lib/fglrx/libatiadlxx.so
7fb5010b9000-7fb5010bc000 rw-p 000a1000 08:06 5508776                    /usr/lib/fglrx/libatiadlxx.so
7fb5010bc000-7fb5010cc000 rw-p 00000000 00:00 0 
7fb5010cc000-7fb5010db000 r-xp 00000000 08:06 5508803                    /usr/lib/fglrx/libatiuki.so.1.0
7fb5010db000-7fb5011db000 ---p 0000f000 08:06 5508803                    /usr/lib/fglrx/libatiuki.so.1.0
7fb5011db000-7fb5011e8000 rw-p 0000f000 08:06 5508803                    /usr/lib/fglrx/libatiuki.so.1.0
7fb5011e8000-7fb5011e9000 rw-p 00000000 00:00 0 
7fb5011e9000-7fb501285000 r-xp 00000000 08:06 5508809                    /usr/lib/fglrx/libGL.so.1.2
7fb501285000-7fb501385000 ---p 0009c000 08:06 5508809                    /usr/lib/fglrx/libGL.so.1.2
7fb501385000-7fb5013ae000 rwxp 0009c000 08:06 5508809                    /usr/lib/fglrx/libGL.so.1.2
7fb5013ae000-7fb5013cb000 rwxp 00000000 00:00 0 
7fb5013cb000-7fb5013ce000 ---p 00000000 00:00 0 
7fb5013ce000-7fb5014cc000 rw-p 00000000 00:00 0                          [stack:6492]
7fb5014cc000-7fb5054cd000 rw-s 00000000 00:14 791142                     /run/shm/pulse-shm-3164030436
7fb5054cd000-7fb5054ce000 ---p 00000000 00:00 0 
7fb5054ce000-7fb505cce000 rw-p 00000000 00:00 0                          [stack:6490]
7fb505cce000-7fb505ce5000 r-xp 00000000 08:06 1049587                    /lib/x86_64-linux-gnu/libresolv-2.19.so
7fb505ce5000-7fb505ee5000 ---p 00017000 08:06 1049587                    /lib/x86_64-linux-gnu/libresolv-2.19.so
7fb505ee5000-7fb505ee6000 r--p 00017000 08:06 1049587                    /lib/x86_64-linux-gnu/libresolv-2.19.so
7fb505ee6000-7fb505ee7000 rw-p 00018000 08:06 1049587                    /lib/x86_64-linux-gnu/libresolv-2.19.so
7fb505ee7000-7fb505ee9000 rw-p 00000000 00:00 0 
7fb505ee9000-7fb505ef0000 r-xp 00000000 08:06 5513706                    /usr/lib/x86_64-linux-gnu/libogg.so.0.8.1
7fb505ef0000-7fb5060f0000 ---p 00007000 08:06 5513706                    /usr/lib/x86_64-linux-gnu/libogg.so.0.8.1
7fb5060f0000-7fb5060f1000 r--p 00007000 08:06 5513706                    /usr/lib/x86_64-linux-gnu/libogg.so.0.8.1
7fb5060f1000-7fb5060f2000 rw-p 00008000 08:06 5513706                    /usr/lib/x86_64-linux-gnu/libogg.so.0.8.1
7fb5060f2000-7fb50611e000 r-xp 00000000 08:06 5513959                    /usr/lib/x86_64-linux-gnu/libvorbis.so.0.4.5
7fb50611e000-7fb50631d000 ---p 0002c000 08:06 5513959                    /usr/lib/x86_64-linux-gnu/libvorbis.so.0.4.5
7fb50631d000-7fb50631e000 r--p 0002b000 08:06 5513959                    /usr/lib/x86_64-linux-gnu/libvorbis.so.0.4.5
7fb50631e000-7fb50631f000 rw-p 0002c000 08:06 5513959                    /usr/lib/x86_64-linux-gnu/libvorbis.so.0.4.5
7fb50631f000-7fb5065d2000 r-xp 00000000 08:06 5513961                    /usr/lib/x86_64-linux-gnu/libvorbisenc.so.2.0.8
7fb5065d2000-7fb5067d1000 ---p 002b3000 08:06 5513961                    /usr/lib/x86_64-linux-gnu/libvorbisenc.so.2.0.8
7fb5067d1000-7fb5067ed000 r--p 002b2000 08:06 5513961                    /usr/lib/x86_64-linux-gnu/libvorbisenc.so.2.0.8
7fb5067ed000-7fb5067ee000 rw-p 002ce000 08:06 5513961                    /usr/lib/x86_64-linux-gnu/libvorbisenc.so.2.0.8
7fb5067ee000-7fb50681e000 r-xp 00000000 08:06 5513306                    /usr/lib/x86_64-linux-gnu/libFLAC.so.8.3.0
7fb50681e000-7fb506a1d000 ---p 00030000 08:06 5513306                    /usr/lib/x86_64-linux-gnu/libFLAC.so.8.3.0
7fb506a1d000-7fb506a1e000 r--p 0002f000 08:06 5513306                    /usr/lib/x86_64-linux-gnu/libFLAC.so.8.3.0
7fb506a1e000-7fb506a1f000 rw-p 00030000 08:06 5513306                    /usr/lib/x86_64-linux-gnu/libFLAC.so.8.3.0
7fb506a1f000-7fb506a24000 r-xp 00000000 08:06 5513088                    /usr/lib/x86_64-linux-gnu/libasyncns.so.0.3.1
7fb506a24000-7fb506c23000 ---p 00005000 08:06 5513088                    /usr/lib/x86_64-linux-gnu/libasyncns.so.0.3.1
7fb506c23000-7fb506c24000 r--p 00004000 08:06 5513088                    /usr/lib/x86_64-linux-gnu/libasyncns.so.0.3.1
7fb506c24000-7fb506c25000 rw-p 00005000 08:06 5513088                    /usr/lib/x86_64-linux-gnu/libasyncns.so.0.3.1
7fb506c25000-7fb506c86000 r-xp 00000000 08:06 5513863                    /usr/lib/x86_64-linux-gnu/libsndfile.so.1.0.25
7fb506c86000-7fb506e86000 ---p 00061000 08:06 5513863                    /usr/lib/x86_64-linux-gnu/libsndfile.so.1.0.25
7fb506e86000-7fb506e88000 r--p 00061000 08:06 5513863                    /usr/lib/x86_64-linux-gnu/libsndfile.so.1.0.25
7fb506e88000-7fb506e89000 rw-p 00063000 08:06 5513863                    /usr/lib/x86_64-linux-gnu/libsndfile.so.1.0.25
7fb506e89000-7fb506e8d000 rw-p 00000000 00:00 0 
7fb506e8d000-7fb506e95000 r-xp 00000000 08:06 1052740                    /lib/x86_64-linux-gnu/libwrap.so.0.7.6
7fb506e95000-7fb507094000 ---p 00008000 08:06 1052740                    /lib/x86_64-linux-gnu/libwrap.so.0.7.6
7fb507094000-7fb507095000 r--p 00007000 08:06 1052740                    /lib/x86_64-linux-gnu/libwrap.so.0.7.6
7fb507095000-7fb507096000 rw-p 00008000 08:06 1052740                    /lib/x86_64-linux-gnu/libwrap.so.0.7.6
7fb507096000-7fb507097000 rw-p 00000000 00:00 0 
7fb507097000-7fb5070db000 r-xp 00000000 08:06 1048749                    /lib/x86_64-linux-gnu/libdbus-1.so.3.7.6
7fb5070db000-7fb5072da000 ---p 00044000 08:06 1048749                    /lib/x86_64-linux-gnu/libdbus-1.so.3.7.6
7fb5072da000-7fb5072db000 r--p 00043000 08:06 1048749                    /lib/x86_64-linux-gnu/libdbus-1.so.3.7.6
7fb5072db000-7fb5072dc000 rw-p 00044000 08:06 1048749                    /lib/x86_64-linux-gnu/libdbus-1.so.3.7.6
7fb5072dc000-7fb507342000 r-xp 00000000 08:06 5770688                    /usr/lib/x86_64-linux-gnu/pulseaudio/libpulsecommon-4.0.so
7fb507342000-7fb507541000 ---p 00066000 08:06 5770688                    /usr/lib/x86_64-linux-gnu/pulseaudio/libpulsecommon-4.0.so
7fb507541000-7fb507542000 r--p 00065000 08:06 5770688                    /usr/lib/x86_64-linux-gnu/pulseaudio/libpulsecommon-4.0.so
7fb507542000-7fb507543000 rw-p 00066000 08:06 5770688                    /usr/lib/x86_64-linux-gnu/pulseaudio/libpulsecommon-4.0.so
7fb507543000-7fb50754d000 r-xp 00000000 08:06 1052619                    /lib/x86_64-linux-gnu/libjson-c.so.2.0.0
7fb50754d000-7fb50774c000 ---p 0000a000 08:06 1052619                    /lib/x86_64-linux-gnu/libjson-c.so.2.0.0
7fb50774c000-7fb50774d000 r--p 00009000 08:06 1052619                    /lib/x86_64-linux-gnu/libjson-c.so.2.0.0
7fb50774d000-7fb50774e000 rw-p 0000a000 08:06 1052619                    /lib/x86_64-linux-gnu/libjson-c.so.2.0.0
7fb50774e000-7fb507795000 r-xp 00000000 08:06 5513775                    /usr/lib/x86_64-linux-gnu/libpulse.so.0.16.2
7fb507795000-7fb507995000 ---p 00047000 08:06 5513775                    /usr/lib/x86_64-linux-gnu/libpulse.so.0.16.2
7fb507995000-7fb507996000 r--p 00047000 08:06 5513775                    /usr/lib/x86_64-linux-gnu/libpulse.so.0.16.2
7fb507996000-7fb507997000 rw-p 00048000 08:06 5513775                    /usr/lib/x86_64-linux-gnu/libpulse.so.0.16.2
7fb507997000-7fb5079ec000 r-xp 00000000 08:06 4981388                    /tmp/libgdxafonso/7b43be9b/libopenal64.so
7fb5079ec000-7fb507beb000 ---p 00055000 08:06 4981388                    /tmp/libgdxafonso/7b43be9b/libopenal64.so
7fb507beb000-7fb507bee000 r--p 00054000 08:06 4981388                    /tmp/libgdxafonso/7b43be9b/libopenal64.so
7fb507bee000-7fb507bef000 rw-p 00057000 08:06 4981388                    /tmp/libgdxafonso/7b43be9b/libopenal64.so
7fb507bef000-7fb507bf0000 rw-p 00000000 00:00 0 
7fb507bf0000-7fb507bf4000 r-xp 00000000 08:06 5513052                    /usr/lib/x86_64-linux-gnu/libXxf86vm.so.1.0.0
7fb507bf4000-7fb507df4000 ---p 00004000 08:06 5513052                    /usr/lib/x86_64-linux-gnu/libXxf86vm.so.1.0.0
7fb507df4000-7fb507df5000 r--p 00004000 08:06 5513052                    /usr/lib/x86_64-linux-gnu/libXxf86vm.so.1.0.0
7fb507df5000-7fb507df6000 rw-p 00005000 08:06 5513052                    /usr/lib/x86_64-linux-gnu/libXxf86vm.so.1.0.0
7fb507df6000-7fb507dff000 r-xp 00000000 08:06 5513034                    /usr/lib/x86_64-linux-gnu/libXrandr.so.2.2.0
7fb507dff000-7fb507ffe000 ---p 00009000 08:06 5513034                    /usr/lib/x86_64-linux-gnu/libXrandr.so.2.2.0
7fb507ffe000-7fb507fff000 r--p 00008000 08:06 5513034                    /usr/lib/x86_64-linux-gnu/libXrandr.so.2.2.0
7fb507fff000-7fb508000000 rw-p 00009000 08:06 5513034                    /usr/lib/x86_64-linux-gnu/libXrandr.so.2.2.0
7fb508000000-7fb508021000 rw-p 00000000 00:00 0 
7fb508021000-7fb50c000000 ---p 00000000 00:00 0 
7fb50c000000-7fb50c021000 rw-p 00000000 00:00 0 
7fb50c021000-7fb510000000 ---p 00000000 00:00 0 
7fb510000000-7fb510021000 rw-p 00000000 00:00 0 
7fb510021000-7fb514000000 ---p 00000000 00:00 0 
7fb514000000-7fb514021000 rw-p 00000000 00:00 0 
7fb514021000-7fb518000000 ---p 00000000 00:00 0 
7fb518000000-7fb51893b000 rw-p 00000000 00:00 0 
7fb51893b000-7fb51c000000 ---p 00000000 00:00 0 
7fb51c000000-7fb51c2e3000 rw-p 00000000 00:00 0 
7fb51c2e3000-7fb520000000 ---p 00000000 00:00 0 
7fb520000000-7fb520021000 rw-p 00000000 00:00 0 
7fb520021000-7fb524000000 ---p 00000000 00:00 0 
7fb524000000-7fb5245f6000 rw-p 00000000 00:00 0 
7fb5245f6000-7fb528000000 ---p 00000000 00:00 0 
7fb528000000-7fb528021000 rw-p 00000000 00:00 0 
7fb528021000-7fb52c000000 ---p 00000000 00:00 0 
7fb52c000000-7fb52c021000 rw-p 00000000 00:00 0 
7fb52c021000-7fb530000000 ---p 00000000 00:00 0 
7fb530000000-7fb530021000 rw-p 00000000 00:00 0 
7fb530021000-7fb534000000 ---p 00000000 00:00 0 
7fb534000000-7fb534021000 rw-p 00000000 00:00 0 
7fb534021000-7fb538000000 ---p 00000000 00:00 0 
7fb538000000-7fb538021000 rw-p 00000000 00:00 0 
7fb538021000-7fb53c000000 ---p 00000000 00:00 0 
7fb53c000000-7fb53c021000 rw-p 00000000 00:00 0 
7fb53c021000-7fb540000000 ---p 00000000 00:00 0 
7fb540000000-7fb540021000 rw-p 00000000 00:00 0 
7fb540021000-7fb544000000 ---p 00000000 00:00 0 
7fb544002000-7fb544003000 ---p 00000000 00:00 0 
7fb544003000-7fb544103000 rw-p 00000000 00:00 0                          [stack:6491]
7fb544103000-7fb54416f000 r-xp 00000000 08:06 4981386                    /tmp/libgdxafonso/7b43be9b/liblwjgl64.so
7fb54416f000-7fb54436e000 ---p 0006c000 08:06 4981386                    /tmp/libgdxafonso/7b43be9b/liblwjgl64.so
7fb54436e000-7fb544370000 r--p 0006b000 08:06 4981386                    /tmp/libgdxafonso/7b43be9b/liblwjgl64.so
7fb544370000-7fb544371000 rw-p 0006d000 08:06 4981386                    /tmp/libgdxafonso/7b43be9b/liblwjgl64.so
7fb544371000-7fb544372000 r-xp 00000000 08:06 4720266                    /opt/jdk1.8.0_20/jre/lib/amd64/libjawt.so
7fb544372000-7fb544571000 ---p 00001000 08:06 4720266                    /opt/jdk1.8.0_20/jre/lib/amd64/libjawt.so
7fb544571000-7fb544572000 rw-p 00000000 08:06 4720266                    /opt/jdk1.8.0_20/jre/lib/amd64/libjawt.so
7fb544572000-7fb544575000 ---p 00000000 00:00 0 
7fb544575000-7fb544673000 rw-p 00000000 00:00 0                          [stack:6488]
7fb544673000-7fb544678000 r-xp 00000000 08:06 5513016                    /usr/lib/x86_64-linux-gnu/libXfixes.so.3.1.0
7fb544678000-7fb544877000 ---p 00005000 08:06 5513016                    /usr/lib/x86_64-linux-gnu/libXfixes.so.3.1.0
7fb544877000-7fb544878000 r--p 00004000 08:06 5513016                    /usr/lib/x86_64-linux-gnu/libXfixes.so.3.1.0
7fb544878000-7fb544879000 rw-p 00005000 08:06 5513016                    /usr/lib/x86_64-linux-gnu/libXfixes.so.3.1.0
7fb544879000-7fb544882000 r-xp 00000000 08:06 5513008                    /usr/lib/x86_64-linux-gnu/libXcursor.so.1.0.2
7fb544882000-7fb544a81000 ---p 00009000 08:06 5513008                    /usr/lib/x86_64-linux-gnu/libXcursor.so.1.0.2
7fb544a81000-7fb544a82000 r--p 00008000 08:06 5513008                    /usr/lib/x86_64-linux-gnu/libXcursor.so.1.0.2
7fb544a82000-7fb544a83000 rw-p 00009000 08:06 5513008                    /usr/lib/x86_64-linux-gnu/libXcursor.so.1.0.2
7fb544a83000-7fb544a86000 ---p 00000000 00:00 0 
7fb544a86000-7fb544b84000 rw-p 00000000 00:00 0                          [stack:6487]
7fb544b84000-7fb544be9000 r-xp 00000000 08:06 4720257                    /opt/jdk1.8.0_20/jre/lib/amd64/libfontmanager.so
7fb544be9000-7fb544de8000 ---p 00065000 08:06 4720257                    /opt/jdk1.8.0_20/jre/lib/amd64/libfontmanager.so
7fb544de8000-7fb544dec000 rw-p 00064000 08:06 4720257                    /opt/jdk1.8.0_20/jre/lib/amd64/libfontmanager.so
7fb544dec000-7fb544dfd000 rw-p 00000000 00:00 0 
7fb544dfd000-7fb544e02000 r-xp 00000000 08:06 5513012                    /usr/lib/x86_64-linux-gnu/libXdmcp.so.6.0.0
7fb544e02000-7fb545001000 ---p 00005000 08:06 5513012                    /usr/lib/x86_64-linux-gnu/libXdmcp.so.6.0.0
7fb545001000-7fb545002000 r--p 00004000 08:06 5513012                    /usr/lib/x86_64-linux-gnu/libXdmcp.so.6.0.0
7fb545002000-7fb545003000 rw-p 00005000 08:06 5513012                    /usr/lib/x86_64-linux-gnu/libXdmcp.so.6.0.0
7fb545003000-7fb545005000 r-xp 00000000 08:06 5513001                    /usr/lib/x86_64-linux-gnu/libXau.so.6.0.0
7fb545005000-7fb545205000 ---p 00002000 08:06 5513001                    /usr/lib/x86_64-linux-gnu/libXau.so.6.0.0
7fb545205000-7fb545206000 r--p 00002000 08:06 5513001                    /usr/lib/x86_64-linux-gnu/libXau.so.6.0.0
7fb545206000-7fb545207000 rw-p 00003000 08:06 5513001                    /usr/lib/x86_64-linux-gnu/libXau.so.6.0.0
7fb545207000-7fb545224000 r-xp 00000000 08:06 5514028                    /usr/lib/x86_64-linux-gnu/libxcb.so.1.1.0
7fb545224000-7fb545424000 ---p 0001d000 08:06 5514028                    /usr/lib/x86_64-linux-gnu/libxcb.so.1.1.0
7fb545424000-7fb545425000 r--p 0001d000 08:06 5514028                    /usr/lib/x86_64-linux-gnu/libxcb.so.1.1.0
7fb545425000-7fb545426000 rw-p 0001e000 08:06 5514028                    /usr/lib/x86_64-linux-gnu/libxcb.so.1.1.0
7fb545426000-7fb545435000 r-xp 00000000 08:06 5513022                    /usr/lib/x86_64-linux-gnu/libXi.so.6.1.0
7fb545435000-7fb545634000 ---p 0000f000 08:06 5513022                    /usr/lib/x86_64-linux-gnu/libXi.so.6.1.0
7fb545634000-7fb545635000 r--p 0000e000 08:06 5513022                    /usr/lib/x86_64-linux-gnu/libXi.so.6.1.0
7fb545635000-7fb545636000 rw-p 0000f000 08:06 5513022                    /usr/lib/x86_64-linux-gnu/libXi.so.6.1.0
7fb545636000-7fb54563b000 r-xp 00000000 08:06 5513042                    /usr/lib/x86_64-linux-gnu/libXtst.so.6.1.0
7fb54563b000-7fb54583a000 ---p 00005000 08:06 5513042                    /usr/lib/x86_64-linux-gnu/libXtst.so.6.1.0
7fb54583a000-7fb54583b000 r--p 00004000 08:06 5513042                    /usr/lib/x86_64-linux-gnu/libXtst.so.6.1.0
7fb54583b000-7fb54583c000 rw-p 00005000 08:06 5513042                    /usr/lib/x86_64-linux-gnu/libXtst.so.6.1.0
7fb54583c000-7fb545845000 r-xp 00000000 08:06 5513036                    /usr/lib/x86_64-linux-gnu/libXrender.so.1.3.0
7fb545845000-7fb545a44000 ---p 00009000 08:06 5513036                    /usr/lib/x86_64-linux-gnu/libXrender.so.1.3.0
7fb545a44000-7fb545a45000 r--p 00008000 08:06 5513036                    /usr/lib/x86_64-linux-gnu/libXrender.so.1.3.0
7fb545a45000-7fb545a46000 rw-p 00009000 08:06 5513036                    /usr/lib/x86_64-linux-gnu/libXrender.so.1.3.0
7fb545a46000-7fb545b76000 r-xp 00000000 08:06 5512997                    /usr/lib/x86_64-linux-gnu/libX11.so.6.3.0
7fb545b76000-7fb545d76000 ---p 00130000 08:06 5512997                    /usr/lib/x86_64-linux-gnu/libX11.so.6.3.0
7fb545d76000-7fb545d77000 r--p 00130000 08:06 5512997                    /usr/lib/x86_64-linux-gnu/libX11.so.6.3.0
7fb545d77000-7fb545d7b000 rw-p 00131000 08:06 5512997                    /usr/lib/x86_64-linux-gnu/libX11.so.6.3.0
7fb545d7b000-7fb545d8c000 r-xp 00000000 08:06 5513014                    /usr/lib/x86_64-linux-gnu/libXext.so.6.4.0
7fb545d8c000-7fb545f8b000 ---p 00011000 08:06 5513014                    /usr/lib/x86_64-linux-gnu/libXext.so.6.4.0
7fb545f8b000-7fb545f8c000 r--p 00010000 08:06 5513014                    /usr/lib/x86_64-linux-gnu/libXext.so.6.4.0
7fb545f8c000-7fb545f8d000 rw-p 00011000 08:06 5513014                    /usr/lib/x86_64-linux-gnu/libXext.so.6.4.0
7fb545f8d000-7fb545fe1000 r-xp 00000000 08:06 4720279                    /opt/jdk1.8.0_20/jre/lib/amd64/libawt_xawt.so
7fb545fe1000-7fb5461e1000 ---p 00054000 08:06 4720279                    /opt/jdk1.8.0_20/jre/lib/amd64/libawt_xawt.so
7fb5461e1000-7fb5461e5000 rw-p 00054000 08:06 4720279                    /opt/jdk1.8.0_20/jre/lib/amd64/libawt_xawt.so
7fb5461e5000-7fb5461e6000 rw-p 00000000 00:00 0 
7fb5461e6000-7fb546288000 r-xp 00000000 08:06 4720265                    /opt/jdk1.8.0_20/jre/lib/amd64/libawt.so
7fb546288000-7fb546488000 ---p 000a2000 08:06 4720265                    /opt/jdk1.8.0_20/jre/lib/amd64/libawt.so
7fb546488000-7fb546494000 rw-p 000a2000 08:06 4720265                    /opt/jdk1.8.0_20/jre/lib/amd64/libawt.so
7fb546494000-7fb5464b8000 rw-p 00000000 00:00 0 
7fb5464b8000-7fb5464ce000 r-xp 00000000 08:06 1052924                    /lib/x86_64-linux-gnu/libgcc_s.so.1
7fb5464ce000-7fb5466cd000 ---p 00016000 08:06 1052924                    /lib/x86_64-linux-gnu/libgcc_s.so.1
7fb5466cd000-7fb5466ce000 rw-p 00015000 08:06 1052924                    /lib/x86_64-linux-gnu/libgcc_s.so.1
7fb5466ce000-7fb5467b4000 r-xp 00000000 08:06 5513889                    /usr/lib/x86_64-linux-gnu/libstdc++.so.6.0.19
7fb5467b4000-7fb5469b3000 ---p 000e6000 08:06 5513889                    /usr/lib/x86_64-linux-gnu/libstdc++.so.6.0.19
7fb5469b3000-7fb5469bb000 r--p 000e5000 08:06 5513889                    /usr/lib/x86_64-linux-gnu/libstdc++.so.6.0.19
7fb5469bb000-7fb5469bd000 rw-p 000ed000 08:06 5513889                    /usr/lib/x86_64-linux-gnu/libstdc++.so.6.0.19
7fb5469bd000-7fb5469d2000 rw-p 00000000 00:00 0 
7fb5469d2000-7fb546a0f000 r-xp 00000000 08:06 4981382                    /tmp/libgdxafonso/5502b6ed/libgdx64.so
7fb546a0f000-7fb546c0e000 ---p 0003d000 08:06 4981382                    /tmp/libgdxafonso/5502b6ed/libgdx64.so
7fb546c0e000-7fb546c0f000 r--p 0003c000 08:06 4981382                    /tmp/libgdxafonso/5502b6ed/libgdx64.so
7fb546c0f000-7fb546c10000 rw-p 0003d000 08:06 4981382                    /tmp/libgdxafonso/5502b6ed/libgdx64.so
7fb546c10000-7fb546c11000 ---p 00000000 00:00 0 
7fb546c11000-7fb546d11000 rw-p 00000000 00:00 0                          [stack:6486]
7fb546d11000-7fb546d14000 ---p 00000000 00:00 0 
7fb546d14000-7fb546e12000 rw-p 00000000 00:00 0                          [stack:6485]
7fb546e12000-7fb546e15000 ---p 00000000 00:00 0 
7fb546e15000-7fb546f13000 rw-p 00000000 00:00 0                          [stack:6484]
7fb546f13000-7fb546f16000 ---p 00000000 00:00 0 
7fb546f16000-7fb547014000 rw-p 00000000 00:00 0                          [stack:6483]
7fb547014000-7fb547017000 ---p 00000000 00:00 0 
7fb547017000-7fb547115000 rw-p 00000000 00:00 0                          [stack:6482]
7fb547115000-7fb547118000 ---p 00000000 00:00 0 
7fb547118000-7fb547216000 rw-p 00000000 00:00 0                          [stack:6481]
7fb547216000-7fb5478f9000 r--p 00000000 08:06 5512216                    /usr/lib/locale/locale-archive
7fb5478f9000-7fb5478fc000 ---p 00000000 00:00 0 
7fb5478fc000-7fb5479fa000 rw-p 00000000 00:00 0                          [stack:6480]
7fb5479fa000-7fb5479fd000 ---p 00000000 00:00 0 
7fb5479fd000-7fb547afb000 rw-p 00000000 00:00 0                          [stack:6479]
7fb547afb000-7fb547afc000 ---p 00000000 00:00 0 
7fb547afc000-7fb548000000 rw-p 00000000 00:00 0                          [stack:6478]
7fb548000000-7fb548021000 rw-p 00000000 00:00 0 
7fb548021000-7fb54c000000 ---p 00000000 00:00 0 
7fb54c014000-7fb54c054000 rw-s 0001f000 00:05 8015                       /dev/ati/card0
7fb54c054000-7fb54c094000 rw-s 00004000 00:05 8015                       /dev/ati/card0
7fb54c094000-7fb54c097000 ---p 00000000 00:00 0 
7fb54c097000-7fb550000000 rw-p 00000000 00:00 0                          [stack:6494]
7fb550000000-7fb550021000 rw-p 00000000 00:00 0 
7fb550021000-7fb554000000 ---p 00000000 00:00 0 
7fb55401b000-7fb5541ad000 rw-p 00000000 00:00 0 
7fb5541ad000-7fb554383000 r--s 03ca8000 08:06 4720074                    /opt/jdk1.8.0_20/jre/lib/rt.jar
7fb554383000-7fb5545ef000 rw-p 00000000 00:00 0 
7fb5545ef000-7fb5545f0000 ---p 00000000 00:00 0 
7fb5545f0000-7fb5546f0000 rw-p 00000000 00:00 0                          [stack:6476]
7fb5546f0000-7fb5546f1000 ---p 00000000 00:00 0 
7fb5546f1000-7fb5547f1000 rw-p 00000000 00:00 0                          [stack:6475]
7fb5547f1000-7fb5547f2000 ---p 00000000 00:00 0 
7fb5547f2000-7fb5548f2000 rw-p 00000000 00:00 0                          [stack:6474]
7fb5548f2000-7fb5548f3000 ---p 00000000 00:00 0 
7fb5548f3000-7fb5549f3000 rw-p 00000000 00:00 0                          [stack:6473]
7fb5549f3000-7fb5549f4000 ---p 00000000 00:00 0 
7fb5549f4000-7fb554af4000 rw-p 00000000 00:00 0                          [stack:6472]
7fb554af4000-7fb554af5000 ---p 00000000 00:00 0 
7fb554af5000-7fb554c0f000 rw-p 00000000 00:00 0                          [stack:6471]
7fb554c0f000-7fb554d93000 ---p 00000000 00:00 0 
7fb554d93000-7fb554dad000 rw-p 00000000 00:00 0 
7fb554dad000-7fb554f30000 ---p 00000000 00:00 0 
7fb554f30000-7fb554f3e000 rw-p 00000000 00:00 0 
7fb554f3e000-7fb554fff000 ---p 00000000 00:00 0 
7fb554fff000-7fb555000000 rw-p 00000000 00:00 0 
7fb555000000-7fb555540000 rwxp 00000000 00:00 0 
7fb555540000-7fb564000000 ---p 00000000 00:00 0 
7fb564000000-7fb564437000 rw-p 00000000 00:00 0 
7fb564437000-7fb568000000 ---p 00000000 00:00 0 
7fb568000000-7fb568001000 rw-s 00005000 00:05 8015                       /dev/ati/card0
7fb568001000-7fb568003000 rw-s 00002000 00:05 8015                       /dev/ati/card0
7fb568003000-7fb56800a000 r--s 00000000 08:06 5770171                    /usr/lib/x86_64-linux-gnu/gconv/gconv-modules.cache
7fb56800a000-7fb56800f000 r--s 00092000 08:06 4720123                    /opt/jdk1.8.0_20/jre/lib/jsse.jar
7fb56800f000-7fb568016000 r--s 00049000 08:06 1705331                    /home/afonso/workspace/CommanderGDX/libs/kryo-2.23.1-SNAPSHOT-all-debug.jar
7fb568016000-7fb56801c000 r--s 00030000 08:06 1705330                    /home/afonso/workspace/CommanderGDX/libs/junit-4.6.jar
7fb56801c000-7fb56801f000 r--s 0000f000 08:06 1705326                    /home/afonso/workspace/CommanderGDX/libs/gdx-box2d.jar
7fb56801f000-7fb5680cb000 rw-p 00000000 00:00 0 
7fb5680cb000-7fb568476000 ---p 00000000 00:00 0 
7fb568476000-7fb568490000 r-xp 00000000 08:06 4720268                    /opt/jdk1.8.0_20/jre/lib/amd64/libzip.so
7fb568490000-7fb568690000 ---p 0001a000 08:06 4720268                    /opt/jdk1.8.0_20/jre/lib/amd64/libzip.so
7fb568690000-7fb568691000 rw-p 0001a000 08:06 4720268                    /opt/jdk1.8.0_20/jre/lib/amd64/libzip.so
7fb568691000-7fb56869c000 r-xp 00000000 08:06 1052667                    /lib/x86_64-linux-gnu/libnss_files-2.19.so
7fb56869c000-7fb56889b000 ---p 0000b000 08:06 1052667                    /lib/x86_64-linux-gnu/libnss_files-2.19.so
7fb56889b000-7fb56889c000 r--p 0000a000 08:06 1052667                    /lib/x86_64-linux-gnu/libnss_files-2.19.so
7fb56889c000-7fb56889d000 rw-p 0000b000 08:06 1052667                    /lib/x86_64-linux-gnu/libnss_files-2.19.so
7fb56889d000-7fb5688a8000 r-xp 00000000 08:06 1052709                    /lib/x86_64-linux-gnu/libnss_nis-2.19.so
7fb5688a8000-7fb568aa7000 ---p 0000b000 08:06 1052709                    /lib/x86_64-linux-gnu/libnss_nis-2.19.so
7fb568aa7000-7fb568aa8000 r--p 0000a000 08:06 1052709                    /lib/x86_64-linux-gnu/libnss_nis-2.19.so
7fb568aa8000-7fb568aa9000 rw-p 0000b000 08:06 1052709                    /lib/x86_64-linux-gnu/libnss_nis-2.19.so
7fb568aa9000-7fb568ac0000 r-xp 00000000 08:06 1052650                    /lib/x86_64-linux-gnu/libnsl-2.19.so
7fb568ac0000-7fb568cbf000 ---p 00017000 08:06 1052650                    /lib/x86_64-linux-gnu/libnsl-2.19.so
7fb568cbf000-7fb568cc0000 r--p 00016000 08:06 1052650                    /lib/x86_64-linux-gnu/libnsl-2.19.so
7fb568cc0000-7fb568cc1000 rw-p 00017000 08:06 1052650                    /lib/x86_64-linux-gnu/libnsl-2.19.so
7fb568cc1000-7fb568cc3000 rw-p 00000000 00:00 0 
7fb568cc3000-7fb568ccc000 r-xp 00000000 08:06 1052706                    /lib/x86_64-linux-gnu/libnss_compat-2.19.so
7fb568ccc000-7fb568ecb000 ---p 00009000 08:06 1052706                    /lib/x86_64-linux-gnu/libnss_compat-2.19.so
7fb568ecb000-7fb568ecc000 r--p 00008000 08:06 1052706                    /lib/x86_64-linux-gnu/libnss_compat-2.19.so
7fb568ecc000-7fb568ecd000 rw-p 00009000 08:06 1052706                    /lib/x86_64-linux-gnu/libnss_compat-2.19.so
7fb568ecd000-7fb568ef7000 r-xp 00000000 08:06 4720263                    /opt/jdk1.8.0_20/jre/lib/amd64/libjava.so
7fb568ef7000-7fb5690f7000 ---p 0002a000 08:06 4720263                    /opt/jdk1.8.0_20/jre/lib/amd64/libjava.so
7fb5690f7000-7fb5690f9000 rw-p 0002a000 08:06 4720263                    /opt/jdk1.8.0_20/jre/lib/amd64/libjava.so
7fb5690f9000-7fb569106000 r-xp 00000000 08:06 4720267                    /opt/jdk1.8.0_20/jre/lib/amd64/libverify.so
7fb569106000-7fb569306000 ---p 0000d000 08:06 4720267                    /opt/jdk1.8.0_20/jre/lib/amd64/libverify.so
7fb569306000-7fb569308000 rw-p 0000d000 08:06 4720267                    /opt/jdk1.8.0_20/jre/lib/amd64/libverify.so
7fb569308000-7fb56930f000 r-xp 00000000 08:06 1052735                    /lib/x86_64-linux-gnu/librt-2.19.so
7fb56930f000-7fb56950e000 ---p 00007000 08:06 1052735                    /lib/x86_64-linux-gnu/librt-2.19.so
7fb56950e000-7fb56950f000 r--p 00006000 08:06 1052735                    /lib/x86_64-linux-gnu/librt-2.19.so
7fb56950f000-7fb569510000 rw-p 00007000 08:06 1052735                    /lib/x86_64-linux-gnu/librt-2.19.so
7fb569510000-7fb569615000 r-xp 00000000 08:06 1052629                    /lib/x86_64-linux-gnu/libm-2.19.so
7fb569615000-7fb569814000 ---p 00105000 08:06 1052629                    /lib/x86_64-linux-gnu/libm-2.19.so
7fb569814000-7fb569815000 r--p 00104000 08:06 1052629                    /lib/x86_64-linux-gnu/libm-2.19.so
7fb569815000-7fb569816000 rw-p 00105000 08:06 1052629                    /lib/x86_64-linux-gnu/libm-2.19.so
7fb569816000-7fb56a480000 r-xp 00000000 08:06 4720249                    /opt/jdk1.8.0_20/jre/lib/amd64/server/libjvm.so
7fb56a480000-7fb56a67f000 ---p 00c6a000 08:06 4720249                    /opt/jdk1.8.0_20/jre/lib/amd64/server/libjvm.so
7fb56a67f000-7fb56a756000 rw-p 00c69000 08:06 4720249                    /opt/jdk1.8.0_20/jre/lib/amd64/server/libjvm.so
7fb56a756000-7fb56a798000 rw-p 00000000 00:00 0 
7fb56a798000-7fb56a953000 r-xp 00000000 08:06 1052723                    /lib/x86_64-linux-gnu/libc-2.19.so
7fb56a953000-7fb56ab53000 ---p 001bb000 08:06 1052723                    /lib/x86_64-linux-gnu/libc-2.19.so
7fb56ab53000-7fb56ab57000 r--p 001bb000 08:06 1052723                    /lib/x86_64-linux-gnu/libc-2.19.so
7fb56ab57000-7fb56ab59000 rw-p 001bf000 08:06 1052723                    /lib/x86_64-linux-gnu/libc-2.19.so
7fb56ab59000-7fb56ab5e000 rw-p 00000000 00:00 0 
7fb56ab5e000-7fb56ab61000 r-xp 00000000 08:06 1052700                    /lib/x86_64-linux-gnu/libdl-2.19.so
7fb56ab61000-7fb56ad60000 ---p 00003000 08:06 1052700                    /lib/x86_64-linux-gnu/libdl-2.19.so
7fb56ad60000-7fb56ad61000 r--p 00002000 08:06 1052700                    /lib/x86_64-linux-gnu/libdl-2.19.so
7fb56ad61000-7fb56ad62000 rw-p 00003000 08:06 1052700                    /lib/x86_64-linux-gnu/libdl-2.19.so
7fb56ad62000-7fb56ad77000 r-xp 00000000 08:06 4719890                    /opt/jdk1.8.0_20/lib/amd64/jli/libjli.so
7fb56ad77000-7fb56af76000 ---p 00015000 08:06 4719890                    /opt/jdk1.8.0_20/lib/amd64/jli/libjli.so
7fb56af76000-7fb56af77000 rw-p 00014000 08:06 4719890                    /opt/jdk1.8.0_20/lib/amd64/jli/libjli.so
7fb56af77000-7fb56af90000 r-xp 00000000 08:06 1052654                    /lib/x86_64-linux-gnu/libpthread-2.19.so
7fb56af90000-7fb56b18f000 ---p 00019000 08:06 1052654                    /lib/x86_64-linux-gnu/libpthread-2.19.so
7fb56b18f000-7fb56b190000 r--p 00018000 08:06 1052654                    /lib/x86_64-linux-gnu/libpthread-2.19.so
7fb56b190000-7fb56b191000 rw-p 00019000 08:06 1052654                    /lib/x86_64-linux-gnu/libpthread-2.19.so
7fb56b191000-7fb56b195000 rw-p 00000000 00:00 0 
7fb56b195000-7fb56b1b8000 r-xp 00000000 08:06 1052707                    /lib/x86_64-linux-gnu/ld-2.19.so
7fb56b1b8000-7fb56b1b9000 r--s 00000000 08:06 1705332                    /home/afonso/workspace/CommanderGDX/libs/minlog-none-1.2.jar
7fb56b1b9000-7fb56b1d2000 r--s 0017c000 08:06 1705328                    /home/afonso/workspace/CommanderGDX/libs/gdx.jar
7fb56b1d2000-7fb56b28f000 rw-p 00000000 00:00 0 
7fb56b28f000-7fb56b292000 ---p 00000000 00:00 0 
7fb56b292000-7fb56b394000 rw-p 00000000 00:00 0                          [stack:6467]
7fb56b394000-7fb56b396000 r--s 0000b000 08:06 1705329                    /home/afonso/workspace/CommanderGDX/libs/jsonbeans-0.5.jar
7fb56b396000-7fb56b397000 r--s 000fa000 08:06 1705325                    /home/afonso/workspace/CommanderGDX/libs/gdx-box2d-natives.jar
7fb56b397000-7fb56b398000 r--s 000cd000 08:06 1705327                    /home/afonso/workspace/CommanderGDX/libs/gdx-natives.jar
7fb56b398000-7fb56b3aa000 r--s 0012a000 08:06 1705324                    /home/afonso/workspace/CommanderGDX/libs/gdx-backend-lwjgl.jar
7fb56b3aa000-7fb56b3ab000 r--s 001a1000 08:06 1705323                    /home/afonso/workspace/CommanderGDX/libs/gdx-backend-lwjgl-natives.jar
7fb56b3ab000-7fb56b3b3000 rw-s 00000000 08:06 4981432                    /tmp/hsperfdata_afonso/6466
7fb56b3b3000-7fb56b3b4000 rw-p 00000000 00:00 0 
7fb56b3b4000-7fb56b3b5000 r--p 00000000 00:00 0 
7fb56b3b5000-7fb56b3b7000 rw-p 00000000 00:00 0 
7fb56b3b7000-7fb56b3b8000 r--p 00022000 08:06 1052707                    /lib/x86_64-linux-gnu/ld-2.19.so
7fb56b3b8000-7fb56b3b9000 rw-p 00023000 08:06 1052707                    /lib/x86_64-linux-gnu/ld-2.19.so
7fb56b3b9000-7fb56b3ba000 rw-p 00000000 00:00 0 
7fffff746000-7fffff767000 rw-p 00000000 00:00 0                          [stack]
7fffff7fe000-7fffff800000 r-xp 00000000 00:00 0                          [vdso]
ffffffffff600000-ffffffffff601000 r-xp 00000000 00:00 0                  [vsyscall]

VM Arguments:
jvm_args: -Dfile.encoding=UTF-8 
java_command: com.afonsobordado.CommanderGDX.CommanderDesktop
java_class_path (initial): /home/afonso/workspace/CommanderGDX/bin:/home/afonso/workspace/CommanderGDX/libs/gdx-backend-lwjgl-natives.jar:/home/afonso/workspace/CommanderGDX/libs/gdx-backend-lwjgl.jar:/home/afonso/workspace/CommanderGDX/libs/gdx-natives.jar:/home/afonso/workspace/CommanderGDX/libs/gdx.jar:/home/afonso/workspace/CommanderGDX/libs/gdx-box2d-natives.jar:/home/afonso/workspace/CommanderGDX/libs/gdx-box2d.jar:/home/afonso/workspace/CommanderGDX/libs/jsonbeans-0.5.jar:/home/afonso/workspace/CommanderGDX/libs/junit-4.6.jar:/home/afonso/workspace/CommanderGDX/libs/kryo-2.23.1-SNAPSHOT-all-debug.jar:/home/afonso/workspace/CommanderGDX/libs/minlog-none-1.2.jar
Launcher Type: SUN_STANDARD

Environment Variables:
PATH=/usr/local/sbin:/usr/local/bin:/usr/sbin:/usr/bin:/sbin:/bin:/usr/games:/usr/local/games
USERNAME=afonso
LD_LIBRARY_PATH=/usr/lib32
SHELL=/bin/bash
DISPLAY=:0

Signal Handlers:
SIGSEGV: [libjvm.so+0xa77530], sa_mask[0]=11111111011111111101111111111110, sa_flags=SA_RESTART|SA_SIGINFO
SIGBUS: [libjvm.so+0xa77530], sa_mask[0]=11111111011111111101111111111110, sa_flags=SA_RESTART|SA_SIGINFO
SIGFPE: [libjvm.so+0x8e1d90], sa_mask[0]=11111111011111111101111111111110, sa_flags=SA_RESTART|SA_SIGINFO
SIGPIPE: [libjvm.so+0x8e1d90], sa_mask[0]=11111111011111111101111111111110, sa_flags=SA_RESTART|SA_SIGINFO
SIGXFSZ: [libjvm.so+0x8e1d90], sa_mask[0]=11111111011111111101111111111110, sa_flags=SA_RESTART|SA_SIGINFO
SIGILL: [libjvm.so+0x8e1d90], sa_mask[0]=11111111011111111101111111111110, sa_flags=SA_RESTART|SA_SIGINFO
SIGUSR1: SIG_DFL, sa_mask[0]=00000000000000000000000000000000, sa_flags=none
SIGUSR2: [libjvm.so+0x8e35c0], sa_mask[0]=00100000000000000000000000000000, sa_flags=SA_RESTART|SA_SIGINFO
SIGHUP: [libjvm.so+0x8e4980], sa_mask[0]=11111111011111111101111111111110, sa_flags=SA_RESTART|SA_SIGINFO
SIGINT: [libjvm.so+0x8e4980], sa_mask[0]=11111111011111111101111111111110, sa_flags=SA_RESTART|SA_SIGINFO
SIGTERM: [libjvm.so+0x8e4980], sa_mask[0]=11111111011111111101111111111110, sa_flags=SA_RESTART|SA_SIGINFO
SIGQUIT: [libjvm.so+0x8e4980], sa_mask[0]=11111111011111111101111111111110, sa_flags=SA_RESTART|SA_SIGINFO


---------------  S Y S T E M  ---------------

OS:DISTRIB_ID=Ubuntu
DISTRIB_RELEASE=14.04
DISTRIB_CODENAME=trusty
DISTRIB_DESCRIPTION="Ubuntu 14.04.1 LTS"

uname:Linux 3.13.0-39-generic #66-Ubuntu SMP Tue Oct 28 13:30:27 UTC 2014 x86_64
libc:glibc 2.19 NPTL 2.19 
rlimit: STACK 8192k, CORE 0k, NPROC 38995, NOFILE 4096, AS infinity
load average:3,96 2,06 1,50

/proc/meminfo:
MemTotal:        5078984 kB
MemFree:          873112 kB
Buffers:          130240 kB
Cached:          1506120 kB
SwapCached:            0 kB
Active:          2471288 kB
Inactive:        1099564 kB
Active(anon):    1938768 kB
Inactive(anon):    32532 kB
Active(file):     532520 kB
Inactive(file):  1067032 kB
Unevictable:           0 kB
Mlocked:               0 kB
SwapTotal:       4882428 kB
SwapFree:        4882428 kB
Dirty:               400 kB
Writeback:             0 kB
AnonPages:       1934396 kB
Mapped:           425060 kB
Shmem:             36812 kB
Slab:             185292 kB
SReclaimable:     150104 kB
SUnreclaim:        35188 kB
KernelStack:        5688 kB
PageTables:        32972 kB
NFS_Unstable:          0 kB
Bounce:                0 kB
WritebackTmp:          0 kB
CommitLimit:     7421920 kB
Committed_AS:    5220304 kB
VmallocTotal:   34359738367 kB
VmallocUsed:      326088 kB
VmallocChunk:   34359393508 kB
HardwareCorrupted:     0 kB
AnonHugePages:    993280 kB
HugePages_Total:       0
HugePages_Free:        0
HugePages_Rsvd:        0
HugePages_Surp:        0
Hugepagesize:       2048 kB
DirectMap4k:      449088 kB
DirectMap2M:     4792320 kB
DirectMap1G:           0 kB


CPU:total 6 (6 cores per cpu, 1 threads per core) family 16 model 10 stepping 0, cmov, cx8, fxsr, mmx, sse, sse2, sse3, popcnt, mmxext, 3dnowpref, lzcnt, sse4a, tsc, tscinvbit, tscinv

/proc/cpuinfo:
processor	: 0
vendor_id	: AuthenticAMD
cpu family	: 16
model		: 10
model name	: AMD Phenom(tm) II X6 1055T Processor
stepping	: 0
microcode	: 0x10000bf
cpu MHz		: 2800.000
cache size	: 512 KB
physical id	: 0
siblings	: 6
core id		: 0
cpu cores	: 6
apicid		: 0
initial apicid	: 0
fpu		: yes
fpu_exception	: yes
cpuid level	: 6
wp		: yes
flags		: fpu vme de pse tsc msr pae mce cx8 apic sep mtrr pge mca cmov pat pse36 clflush mmx fxsr sse sse2 ht syscall nx mmxext fxsr_opt pdpe1gb rdtscp lm 3dnowext 3dnow constant_tsc rep_good nopl nonstop_tsc extd_apicid aperfmperf pni monitor cx16 popcnt lahf_lm cmp_legacy svm extapic cr8_legacy abm sse4a misalignsse 3dnowprefetch osvw ibs skinit wdt cpb hw_pstate npt lbrv svm_lock nrip_save pausefilter
bogomips	: 5625.32
TLB size	: 1024 4K pages
clflush size	: 64
cache_alignment	: 64
address sizes	: 48 bits physical, 48 bits virtual
power management: ts ttp tm stc 100mhzsteps hwpstate cpb

processor	: 1
vendor_id	: AuthenticAMD
cpu family	: 16
model		: 10
model name	: AMD Phenom(tm) II X6 1055T Processor
stepping	: 0
microcode	: 0x10000bf
cpu MHz		: 2800.000
cache size	: 512 KB
physical id	: 0
siblings	: 6
core id		: 1
cpu cores	: 6
apicid		: 1
initial apicid	: 1
fpu		: yes
fpu_exception	: yes
cpuid level	: 6
wp		: yes
flags		: fpu vme de pse tsc msr pae mce cx8 apic sep mtrr pge mca cmov pat pse36 clflush mmx fxsr sse sse2 ht syscall nx mmxext fxsr_opt pdpe1gb rdtscp lm 3dnowext 3dnow constant_tsc rep_good nopl nonstop_tsc extd_apicid aperfmperf pni monitor cx16 popcnt lahf_lm cmp_legacy svm extapic cr8_legacy abm sse4a misalignsse 3dnowprefetch osvw ibs skinit wdt cpb hw_pstate npt lbrv svm_lock nrip_save pausefilter
bogomips	: 5625.32
TLB size	: 1024 4K pages
clflush size	: 64
cache_alignment	: 64
address sizes	: 48 bits physical, 48 bits virtual
power management: ts ttp tm stc 100mhzsteps hwpstate cpb

processor	: 2
vendor_id	: AuthenticAMD
cpu family	: 16
model		: 10
model name	: AMD Phenom(tm) II X6 1055T Processor
stepping	: 0
microcode	: 0x10000bf
cpu MHz		: 2200.000
cache size	: 512 KB
physical id	: 0
siblings	: 6
core id		: 2
cpu cores	: 6
apicid		: 2
initial apicid	: 2
fpu		: yes
fpu_exception	: yes
cpuid level	: 6
wp		: yes
flags		: fpu vme de pse tsc msr pae mce cx8 apic sep mtrr pge mca cmov pat pse36 clflush mmx fxsr sse sse2 ht syscall nx mmxext fxsr_opt pdpe1gb rdtscp lm 3dnowext 3dnow constant_tsc rep_good nopl nonstop_tsc extd_apicid aperfmperf pni monitor cx16 popcnt lahf_lm cmp_legacy svm extapic cr8_legacy abm sse4a misalignsse 3dnowprefetch osvw ibs skinit wdt cpb hw_pstate npt lbrv svm_lock nrip_save pausefilter
bogomips	: 5625.32
TLB size	: 1024 4K pages
clflush size	: 64
cache_alignment	: 64
address sizes	: 48 bits physical, 48 bits virtual
power management: ts ttp tm stc 100mhzsteps hwpstate cpb

processor	: 3
vendor_id	: AuthenticAMD
cpu family	: 16
model		: 10
model name	: AMD Phenom(tm) II X6 1055T Processor
stepping	: 0
microcode	: 0x10000bf
cpu MHz		: 2200.000
cache size	: 512 KB
physical id	: 0
siblings	: 6
core id		: 3
cpu cores	: 6
apicid		: 3
initial apicid	: 3
fpu		: yes
fpu_exception	: yes
cpuid level	: 6
wp		: yes
flags		: fpu vme de pse tsc msr pae mce cx8 apic sep mtrr pge mca cmov pat pse36 clflush mmx fxsr sse sse2 ht syscall nx mmxext fxsr_opt pdpe1gb rdtscp lm 3dnowext 3dnow constant_tsc rep_good nopl nonstop_tsc extd_apicid aperfmperf pni monitor cx16 popcnt lahf_lm cmp_legacy svm extapic cr8_legacy abm sse4a misalignsse 3dnowprefetch osvw ibs skinit wdt cpb hw_pstate npt lbrv svm_lock nrip_save pausefilter
bogomips	: 5625.32
TLB size	: 1024 4K pages
clflush size	: 64
cache_alignment	: 64
address sizes	: 48 bits physical, 48 bits virtual
power management: ts ttp tm stc 100mhzsteps hwpstate cpb

processor	: 4
vendor_id	: AuthenticAMD
cpu family	: 16
model		: 10
model name	: AMD Phenom(tm) II X6 1055T Processor
stepping	: 0
microcode	: 0x10000bf
cpu MHz		: 2800.000
cache size	: 512 KB
physical id	: 0
siblings	: 6
core id		: 4
cpu cores	: 6
apicid		: 4
initial apicid	: 4
fpu		: yes
fpu_exception	: yes
cpuid level	: 6
wp		: yes
flags		: fpu vme de pse tsc msr pae mce cx8 apic sep mtrr pge mca cmov pat pse36 clflush mmx fxsr sse sse2 ht syscall nx mmxext fxsr_opt pdpe1gb rdtscp lm 3dnowext 3dnow constant_tsc rep_good nopl nonstop_tsc extd_apicid aperfmperf pni monitor cx16 popcnt lahf_lm cmp_legacy svm extapic cr8_legacy abm sse4a misalignsse 3dnowprefetch osvw ibs skinit wdt cpb hw_pstate npt lbrv svm_lock nrip_save pausefilter
bogomips	: 5625.32
TLB size	: 1024 4K pages
clflush size	: 64
cache_alignment	: 64
address sizes	: 48 bits physical, 48 bits virtual
power management: ts ttp tm stc 100mhzsteps hwpstate cpb

processor	: 5
vendor_id	: AuthenticAMD
cpu family	: 16
model		: 10
model name	: AMD Phenom(tm) II X6 1055T Processor
stepping	: 0
microcode	: 0x10000bf
cpu MHz		: 2800.000
cache size	: 512 KB
physical id	: 0
siblings	: 6
core id		: 5
cpu cores	: 6
apicid		: 5
initial apicid	: 5
fpu		: yes
fpu_exception	: yes
cpuid level	: 6
wp		: yes
flags		: fpu vme de pse tsc msr pae mce cx8 apic sep mtrr pge mca cmov pat pse36 clflush mmx fxsr sse sse2 ht syscall nx mmxext fxsr_opt pdpe1gb rdtscp lm 3dnowext 3dnow constant_tsc rep_good nopl nonstop_tsc extd_apicid aperfmperf pni monitor cx16 popcnt lahf_lm cmp_legacy svm extapic cr8_legacy abm sse4a misalignsse 3dnowprefetch osvw ibs skinit wdt cpb hw_pstate npt lbrv svm_lock nrip_save pausefilter
bogomips	: 5625.32
TLB size	: 1024 4K pages
clflush size	: 64
cache_alignment	: 64
address sizes	: 48 bits physical, 48 bits virtual
power management: ts ttp tm stc 100mhzsteps hwpstate cpb



Memory: 4k page, physical 5078984k(873112k free), swap 4882428k(4882428k free)

vm_info: Java HotSpot(TM) 64-Bit Server VM (25.20-b23) for linux-amd64 JRE (1.8.0_20-b26), built on Jul 30 2014 13:13:52 by "java_re" with gcc 4.3.0 20080428 (Red Hat 4.3.0-8)

time: Sun Jan 11 21:44:34 2015
elapsed time: 12 seconds (0d 0h 0m 12s)

