#
# A fatal error has been detected by the Java Runtime Environment:
#
#  EXCEPTION_ACCESS_VIOLATION (0xc0000005) at pc=0x0000000066be7533, pid=3748, tid=4316
#
# JRE version: Java(TM) SE Runtime Environment (8.0_20-b26) (build 1.8.0_20-b26)
# Java VM: Java HotSpot(TM) 64-Bit Server VM (25.20-b23 mixed mode windows-amd64 compressed oops)
# Problematic frame:
# C  [gdx-box2d64.dll+0x27533]
#
# Failed to write core dump. Minidumps are not enabled by default on client versions of Windows
#
# If you would like to submit a bug report, please visit:
#   http://bugreport.sun.com/bugreport/crash.jsp
# The crash happened outside the Java Virtual Machine in native code.
# See problematic frame for where to report the bug.
#

---------------  T H R E A D  ---------------

Current thread (0x0000000057607800):  JavaThread "LWJGL Application" [_thread_in_native, id=4316, stack(0x0000000058e90000,0x0000000058f90000)]

siginfo: ExceptionCode=0xc0000005, reading address 0x000000000000000c

Registers:
RAX=0x00000000004c6df0, RBX=0x00000000e58e7d88, RCX=0x0000000000000000, RDX=0x00000000004c9bb0
RSP=0x0000000058f8efd0, RBP=0x0000000058f8f080, RSI=0x00000000576079e8, RDI=0x000000005bfb4e80
R8 =0x00000000004c5ba0, R9 =0x0000000000000001, R10=0x000000000000000c, R11=0x0000000015076f28
R12=0x0000000000000000, R13=0x00000000e6dc8568, R14=0x00000000e6e054e0, R15=0x0000000057607800
RIP=0x0000000066be7533, EFLAGS=0x0000000000010206

Top of Stack: (sp=0x0000000058f8efd0)
0x0000000058f8efd0:   00000000b0000830 0000000058f8f080
0x0000000058f8efe0:   00000000576079e8 0000000000000000
0x0000000058f8eff0:   000000005bf93bcc 000000003c23d70a
0x0000000058f8f000:   bf80000000000000 4074987a40c75aae
0x0000000058f8f010:   4074987a40c55aae bb86c600bb86c600
0x0000000058f8f020:   000000005b286cb0 00000000b0000830
0x0000000058f8f030:   00000000e6dc8830 0000000000000810
0x0000000058f8f040:   0000000058f8f0b0 00000000027c278d
0x0000000058f8f050:   00000000004a8ca0 0000000066be91bf
0x0000000058f8f060:   00000000576079e8 0000000058f8f100
0x0000000058f8f070:   00000000e58e7cc0 0000000000000000
0x0000000058f8f080:   00000000e58e7d78 00000000e6dc8830
0x0000000058f8f090:   00000000e6e06948 000000000294a50d
0x0000000058f8f0a0:   0000000000000573 00000000e6dc8830
0x0000000058f8f0b0:   00000000e58e7cc0 0000000002893c98
0x0000000058f8f0c0:   00000000e6e05498 e6e0b890e6e054e0 

Instructions: (pc=0x0000000066be7533)
0x0000000066be7513:   c0 48 89 ce 4c 89 cd ff 90 f0 06 00 00 48 89 c3
0x0000000066be7523:   48 8b 47 68 48 8b 57 60 48 8b 48 18 4c 8b 42 10
0x0000000066be7533:   f3 0f 10 41 0c 48 8b 4a 18 48 8d 57 78 49 83 c0
0x0000000066be7543:   0c f3 0f 10 59 0c 48 8d 4c 24 30 f3 0f 11 44 24 


Register to memory mapping:

RAX=0x00000000004c6df0 is an unknown value
RBX=0x00000000e58e7d88 is an oop

[error occurred during error reporting (printing register info), id 0xc0000005]

Stack: [0x0000000058e90000,0x0000000058f90000],  sp=0x0000000058f8efd0,  free space=1019k
Native frames: (J=compiled Java code, j=interpreted, Vv=VM code, C=native code)
C  [gdx-box2d64.dll+0x27533]
C  0x00000000027c278d

Java frames: (J=compiled Java code, j=interpreted, Vv=VM code)
J 861  com.badlogic.gdx.physics.box2d.Contact.jniGetWorldManifold(J[F)I (0 bytes) @ 0x00000000027c270f [0x00000000027c26c0+0x4f]
J 1142 C2 com.badlogic.gdx.physics.box2d.Box2DDebugRenderer.drawContact(Lcom/badlogic/gdx/physics/box2d/Contact;)V (55 bytes) @ 0x0000000002893c98 [0x0000000002893c60+0x38]
J 1338 C2 com.badlogic.gdx.physics.box2d.Box2DDebugRenderer.renderBodies(Lcom/badlogic/gdx/physics/box2d/World;)V (194 bytes) @ 0x0000000002962038 [0x0000000002961180+0xeb8]
J 1599 C2 com.badlogic.gdx.physics.box2d.Box2DDebugRenderer.render(Lcom/badlogic/gdx/physics/box2d/World;Lcom/badlogic/gdx/math/Matrix4;)V (14 bytes) @ 0x0000000002a3afa4 [0x0000000002a3af20+0x84]
J 1523 C2 com.afonsobordado.CommanderGDX.states.Play.render()V (264 bytes) @ 0x0000000002a0b4bc [0x0000000002a09180+0x233c]
J 1641 C2 com.afonsobordado.CommanderGDX.Game.render()V (57 bytes) @ 0x0000000002a6e864 [0x0000000002a6e1e0+0x684]
j  com.badlogic.gdx.backends.lwjgl.LwjglApplication.mainLoop()V+619
j  com.badlogic.gdx.backends.lwjgl.LwjglApplication$1.run()V+27
v  ~StubRoutines::call_stub

---------------  P R O C E S S  ---------------

Java Threads: ( => current thread )
  0x00000000592ca800 JavaThread "LWJGL Timer" daemon [_thread_blocked, id=1972, stack(0x000000005f4a0000,0x000000005f5a0000)]
  0x0000000059310800 JavaThread "AsynchExecutor-Thread" daemon [_thread_blocked, id=4556, stack(0x000000005e0c0000,0x000000005e1c0000)]
  0x0000000001f2e000 JavaThread "DestroyJavaVM" [_thread_blocked, id=1952, stack(0x00000000020e0000,0x00000000021e0000)]
=>0x0000000057607800 JavaThread "LWJGL Application" [_thread_in_native, id=4316, stack(0x0000000058e90000,0x0000000058f90000)]
  0x0000000057432000 JavaThread "Service Thread" daemon [_thread_blocked, id=4804, stack(0x0000000057130000,0x0000000057230000)]
  0x00000000573d5000 JavaThread "C1 CompilerThread2" daemon [_thread_blocked, id=2184, stack(0x0000000057d50000,0x0000000057e50000)]
  0x00000000573d3000 JavaThread "C2 CompilerThread1" daemon [_thread_blocked, id=1260, stack(0x0000000057bc0000,0x0000000057cc0000)]
  0x00000000573d0000 JavaThread "C2 CompilerThread0" daemon [_thread_blocked, id=5096, stack(0x0000000057a90000,0x0000000057b90000)]
  0x00000000573ce800 JavaThread "Attach Listener" daemon [_thread_blocked, id=676, stack(0x0000000057960000,0x0000000057a60000)]
  0x00000000573cd800 JavaThread "Signal Dispatcher" daemon [_thread_blocked, id=328, stack(0x00000000577d0000,0x00000000578d0000)]
  0x000000005596f800 JavaThread "Finalizer" daemon [_thread_blocked, id=4076, stack(0x0000000057280000,0x0000000057380000)]
  0x0000000055966800 JavaThread "Reference Handler" daemon [_thread_blocked, id=4872, stack(0x0000000056f00000,0x0000000057000000)]

Other Threads:
  0x0000000055960800 VMThread [stack: 0x0000000057000000,0x0000000057100000] [id=2796]
  0x0000000057433000 WatcherThread [stack: 0x0000000057e90000,0x0000000057f90000] [id=124]

VM state:not at safepoint (normal execution)

VM Mutex/Monitor currently owned by a thread: None

Heap:
 PSYoungGen      total 24064K, used 15344K [0x00000000e5580000, 0x00000000e7000000, 0x0000000100000000)
  eden space 20992K, 58% used [0x00000000e5580000,0x00000000e6181610,0x00000000e6a00000)
  from space 3072K, 99% used [0x00000000e6d00000,0x00000000e6ffaaf0,0x00000000e7000000)
  to   space 3072K, 0% used [0x00000000e6a00000,0x00000000e6a00000,0x00000000e6d00000)
 ParOldGen       total 54784K, used 2362K [0x00000000b0000000, 0x00000000b3580000, 0x00000000e5580000)
  object space 54784K, 4% used [0x00000000b0000000,0x00000000b024ea30,0x00000000b3580000)
 Metaspace       used 10451K, capacity 10615K, committed 10880K, reserved 1058816K
  class space    used 1008K, capacity 1046K, committed 1152K, reserved 1048576K

Card table byte_map: [0x0000000011870000,0x0000000011b00000] byte_map_base: 0x00000000112f0000

Marking Bits: (ParMarkBitMap*) 0x000000006bf1b460
 Begin Bits: [0x0000000012500000, 0x0000000013900000)
 End Bits:   [0x0000000013900000, 0x0000000014d00000)

Polling page: 0x0000000000090000

CodeCache: size=245760Kb used=5923Kb max_used=5923Kb free=239836Kb
 bounds [0x00000000024b0000, 0x0000000002a80000, 0x00000000114b0000]
 total_blobs=2171 nmethods=1656 adapters=430
 compilation: enabled

Compilation events (10 events):
Event: 148.976 Thread 0x00000000573d5000 1653       3       com.badlogic.gdx.physics.box2d.World$2::newObject (5 bytes)
Event: 148.976 Thread 0x00000000573d5000 nmethod 1653 0x0000000002a66f90 code [0x0000000002a67100, 0x0000000002a67368]
Event: 152.675 Thread 0x00000000573d5000 1656       3       com.badlogic.gdx.physics.box2d.World::createBody (120 bytes)
Event: 152.675 Thread 0x00000000573d5000 nmethod 1656 0x0000000002a71bd0 code [0x0000000002a71da0, 0x0000000002a72448]
Event: 152.675 Thread 0x00000000573d5000 1658       3       com.badlogic.gdx.physics.box2d.World$1::newObject (5 bytes)
Event: 152.675 Thread 0x00000000573d5000 nmethod 1658 0x0000000002a71710 code [0x0000000002a71880, 0x0000000002a71ae8]
Event: 152.675 Thread 0x00000000573d5000 1659       3       com.badlogic.gdx.physics.box2d.World$1::newObject (13 bytes)
Event: 152.675 Thread 0x00000000573d5000 nmethod 1659 0x0000000002a712d0 code [0x0000000002a71440, 0x0000000002a71648]
Event: 162.820 Thread 0x00000000573d5000 1660       3       java.lang.String::lastIndexOf (151 bytes)
Event: 162.821 Thread 0x00000000573d5000 nmethod 1660 0x0000000002a70750 code [0x0000000002a70900, 0x0000000002a70e50]

GC Heap History (4 events):
Event: 10.572 GC heap before
{Heap before GC invocations=1 (full 0):
 PSYoungGen      total 24064K, used 20992K [0x00000000e5580000, 0x00000000e7000000, 0x0000000100000000)
  eden space 20992K, 100% used [0x00000000e5580000,0x00000000e6a00000,0x00000000e6a00000)
  from space 3072K, 0% used [0x00000000e6d00000,0x00000000e6d00000,0x00000000e7000000)
  to   space 3072K, 0% used [0x00000000e6a00000,0x00000000e6a00000,0x00000000e6d00000)
 ParOldGen       total 54784K, used 0K [0x00000000b0000000, 0x00000000b3580000, 0x00000000e5580000)
  object space 54784K, 0% used [0x00000000b0000000,0x00000000b0000000,0x00000000b3580000)
 Metaspace       used 10368K, capacity 10487K, committed 10624K, reserved 1058816K
  class space    used 1001K, capacity 1046K, committed 1152K, reserved 1048576K
Event: 10.579 GC heap after
Heap after GC invocations=1 (full 0):
 PSYoungGen      total 24064K, used 3054K [0x00000000e5580000, 0x00000000e7000000, 0x0000000100000000)
  eden space 20992K, 0% used [0x00000000e5580000,0x00000000e5580000,0x00000000e6a00000)
  from space 3072K, 99% used [0x00000000e6a00000,0x00000000e6cfbb60,0x00000000e6d00000)
  to   space 3072K, 0% used [0x00000000e6d00000,0x00000000e6d00000,0x00000000e7000000)
 ParOldGen       total 54784K, used 2010K [0x00000000b0000000, 0x00000000b3580000, 0x00000000e5580000)
  object space 54784K, 3% used [0x00000000b0000000,0x00000000b01f6a30,0x00000000b3580000)
 Metaspace       used 10368K, capacity 10487K, committed 10624K, reserved 1058816K
  class space    used 1001K, capacity 1046K, committed 1152K, reserved 1048576K
}
Event: 119.620 GC heap before
{Heap before GC invocations=2 (full 0):
 PSYoungGen      total 24064K, used 24046K [0x00000000e5580000, 0x00000000e7000000, 0x0000000100000000)
  eden space 20992K, 100% used [0x00000000e5580000,0x00000000e6a00000,0x00000000e6a00000)
  from space 3072K, 99% used [0x00000000e6a00000,0x00000000e6cfbb60,0x00000000e6d00000)
  to   space 3072K, 0% used [0x00000000e6d00000,0x00000000e6d00000,0x00000000e7000000)
 ParOldGen       total 54784K, used 2010K [0x00000000b0000000, 0x00000000b3580000, 0x00000000e5580000)
  object space 54784K, 3% used [0x00000000b0000000,0x00000000b01f6a30,0x00000000b3580000)
 Metaspace       used 10432K, capacity 10551K, committed 10880K, reserved 1058816K
  class space    used 1005K, capacity 1046K, committed 1152K, reserved 1048576K
Event: 119.626 GC heap after
Heap after GC invocations=2 (full 0):
 PSYoungGen      total 24064K, used 3050K [0x00000000e5580000, 0x00000000e7000000, 0x0000000100000000)
  eden space 20992K, 0% used [0x00000000e5580000,0x00000000e5580000,0x00000000e6a00000)
  from space 3072K, 99% used [0x00000000e6d00000,0x00000000e6ffaaf0,0x00000000e7000000)
  to   space 3072K, 0% used [0x00000000e6a00000,0x00000000e6a00000,0x00000000e6d00000)
 ParOldGen       total 54784K, used 2362K [0x00000000b0000000, 0x00000000b3580000, 0x00000000e5580000)
  object space 54784K, 4% used [0x00000000b0000000,0x00000000b024ea30,0x00000000b3580000)
 Metaspace       used 10432K, capacity 10551K, committed 10880K, reserved 1058816K
  class space    used 1005K, capacity 1046K, committed 1152K, reserved 1048576K
}

Deoptimization events (10 events):
Event: 17.157 Thread 0x00000000592a0800 Uncommon trap: reason=unloaded action=reinterpret pc=0x00000000029bf3d4 method=com.afonsobordado.CommanderGDX.handlers.NetworkListener.received(Lcom/esotericsoftware/kryonet/Connection;Ljava/lang/Object;)V @ 371
Event: 76.520 Thread 0x0000000057607800 Uncommon trap: reason=class_check action=maybe_recompile pc=0x00000000029ed7e4 method=com.esotericsoftware.kryo.io.ByteBufferOutput.writeByte(I)V @ 23
Event: 76.520 Thread 0x0000000057607800 Uncommon trap: reason=class_check action=maybe_recompile pc=0x00000000029c8ecc method=com.esotericsoftware.kryo.io.ByteBufferOutput.writeFloat(F)V @ 11
Event: 76.520 Thread 0x0000000057607800 Uncommon trap: reason=class_check action=maybe_recompile pc=0x00000000029c8ecc method=com.esotericsoftware.kryo.io.ByteBufferOutput.writeFloat(F)V @ 11
Event: 76.520 Thread 0x0000000057607800 Uncommon trap: reason=class_check action=maybe_recompile pc=0x00000000029ed7e4 method=com.esotericsoftware.kryo.io.ByteBufferOutput.writeByte(I)V @ 23
Event: 76.520 Thread 0x0000000057607800 Uncommon trap: reason=class_check action=maybe_recompile pc=0x00000000029c8ecc method=com.esotericsoftware.kryo.io.ByteBufferOutput.writeFloat(F)V @ 11
Event: 76.520 Thread 0x0000000057607800 Uncommon trap: reason=class_check action=maybe_recompile pc=0x00000000029c8ecc method=com.esotericsoftware.kryo.io.ByteBufferOutput.writeFloat(F)V @ 11
Event: 93.685 Thread 0x0000000057607800 Uncommon trap: reason=class_check action=maybe_recompile pc=0x00000000029ed7e4 method=com.esotericsoftware.kryo.io.ByteBufferOutput.writeByte(I)V @ 23
Event: 93.685 Thread 0x0000000057607800 Uncommon trap: reason=class_check action=maybe_recompile pc=0x00000000029ed7e4 method=com.esotericsoftware.kryo.io.ByteBufferOutput.writeByte(I)V @ 23
Event: 179.870 Thread 0x00000000592a0800 Uncommon trap: reason=null_check action=make_not_entrant pc=0x0000000002a16ea4 method=com.afonsobordado.CommanderGDX.handlers.NetworkListener.received(Lcom/esotericsoftware/kryonet/Connection;Ljava/lang/Object;)V @ 313

Internal exceptions (10 events):
Event: 17.156 Thread 0x00000000592a0800 Exception <a 'java/security/PrivilegedActionException'> (0x00000000e573fcc0) thrown at [D:\re\workspace\8-2-build-windows-amd64-cygwin\jdk8u20\1074\hotspot\src\share\vm\prims\jvm.cpp, line 1275]
Event: 17.157 Thread 0x00000000592a0800 Exception <a 'java/security/PrivilegedActionException'> (0x00000000e5742560) thrown at [D:\re\workspace\8-2-build-windows-amd64-cygwin\jdk8u20\1074\hotspot\src\share\vm\prims\jvm.cpp, line 1275]
Event: 32.126 Thread 0x0000000057607800 Exception <a 'java/security/PrivilegedActionException'> (0x00000000e59a8d20) thrown at [D:\re\workspace\8-2-build-windows-amd64-cygwin\jdk8u20\1074\hotspot\src\share\vm\prims\jvm.cpp, line 1275]
Event: 32.126 Thread 0x0000000057607800 Exception <a 'java/security/PrivilegedActionException'> (0x00000000e59ac020) thrown at [D:\re\workspace\8-2-build-windows-amd64-cygwin\jdk8u20\1074\hotspot\src\share\vm\prims\jvm.cpp, line 1275]
Event: 77.834 Thread 0x0000000057607800 Exception <a 'java/security/PrivilegedActionException'> (0x00000000e6207d58) thrown at [D:\re\workspace\8-2-build-windows-amd64-cygwin\jdk8u20\1074\hotspot\src\share\vm\prims\jvm.cpp, line 1275]
Event: 77.835 Thread 0x0000000057607800 Exception <a 'java/security/PrivilegedActionException'> (0x00000000e6211670) thrown at [D:\re\workspace\8-2-build-windows-amd64-cygwin\jdk8u20\1074\hotspot\src\share\vm\prims\jvm.cpp, line 1275]
Event: 77.835 Thread 0x0000000057607800 Exception <a 'java/security/PrivilegedActionException'> (0x00000000e62148c0) thrown at [D:\re\workspace\8-2-build-windows-amd64-cygwin\jdk8u20\1074\hotspot\src\share\vm\prims\jvm.cpp, line 1275]
Event: 162.820 Thread 0x00000000592a0800 Exception <a 'java/security/PrivilegedActionException'> (0x00000000e5dc65f0) thrown at [D:\re\workspace\8-2-build-windows-amd64-cygwin\jdk8u20\1074\hotspot\src\share\vm\prims\jvm.cpp, line 1275]
Event: 162.820 Thread 0x00000000592a0800 Exception <a 'java/security/PrivilegedActionException'> (0x00000000e5dc8c98) thrown at [D:\re\workspace\8-2-build-windows-amd64-cygwin\jdk8u20\1074\hotspot\src\share\vm\prims\jvm.cpp, line 1275]
Event: 179.870 Thread 0x00000000592a0800 Implicit null exception at 0x0000000002a157bc to 0x0000000002a16e95

Events (10 events):
Event: 123.684 Thread 0x0000000057607800 DEOPT PACKING pc=0x000000000299542b sp=0x0000000058f8f240
Event: 123.684 Thread 0x0000000057607800 DEOPT UNPACKING pc=0x00000000024f71bf sp=0x0000000058f8efb8 mode 0
Event: 129.267 Executing VM operation: RevokeBias
Event: 129.267 Executing VM operation: RevokeBias done
Event: 129.267 Thread 0x00000000575b2000 Thread exited: 0x00000000575b2000
Event: 162.820 loading class com/afonsobordado/CommanderGDX/packets/PacketDisconnectConstructorAccess
Event: 162.820 loading class com/afonsobordado/CommanderGDX/packets/PacketDisconnectConstructorAccess done
Event: 179.870 Thread 0x00000000592a0800 Uncommon trap: trap_request=0xfffffff4 fr.pc=0x0000000002a16ea4
Event: 179.870 Thread 0x00000000592a0800 DEOPT PACKING pc=0x0000000002a16ea4 sp=0x000000005dfdee00
Event: 179.870 Thread 0x00000000592a0800 DEOPT UNPACKING pc=0x00000000024f556a sp=0x000000005dfdedf8 mode 2


Dynamic libraries:
0x000000013fcc0000 - 0x000000013fcf4000 	C:\Program Files\Java\jdk1.8.0_20\bin\javaw.exe
0x0000000077910000 - 0x0000000077ab9000 	C:\Windows\SYSTEM32\ntdll.dll
0x00000000777f0000 - 0x000000007790f000 	C:\Windows\system32\kernel32.dll
0x000007fefd820000 - 0x000007fefd88c000 	C:\Windows\system32\KERNELBASE.dll
0x000007feff330000 - 0x000007feff40b000 	C:\Windows\system32\ADVAPI32.dll
0x000007fefdb00000 - 0x000007fefdb9f000 	C:\Windows\system32\msvcrt.dll
0x000007fefdae0000 - 0x000007fefdaff000 	C:\Windows\SYSTEM32\sechost.dll
0x000007feff760000 - 0x000007feff88d000 	C:\Windows\system32\RPCRT4.dll
0x00000000776f0000 - 0x00000000777ea000 	C:\Windows\system32\USER32.dll
0x000007fefefb0000 - 0x000007feff017000 	C:\Windows\system32\GDI32.dll
0x000007feff4f0000 - 0x000007feff4fe000 	C:\Windows\system32\LPK.dll
0x000007feff260000 - 0x000007feff329000 	C:\Windows\system32\USP10.dll
0x000007fefcf80000 - 0x000007fefd174000 	C:\Windows\WinSxS\amd64_microsoft.windows.common-controls_6595b64144ccf1df_6.0.7601.17514_none_fa396087175ac9ac\COMCTL32.dll
0x000007feff470000 - 0x000007feff4e1000 	C:\Windows\system32\SHLWAPI.dll
0x000007feff410000 - 0x000007feff43e000 	C:\Windows\system32\IMM32.DLL
0x000007fefee40000 - 0x000007fefef49000 	C:\Windows\system32\MSCTF.dll
0x0000000066cd0000 - 0x0000000066da2000 	C:\Program Files\Java\jdk1.8.0_20\jre\bin\msvcr100.dll
0x000000006b740000 - 0x000000006bf98000 	C:\Program Files\Java\jdk1.8.0_20\jre\bin\server\jvm.dll
0x000007feedfe0000 - 0x000007feedfe9000 	C:\Windows\system32\WSOCK32.dll
0x000007feff670000 - 0x000007feff6bd000 	C:\Windows\system32\WS2_32.dll
0x000007feff440000 - 0x000007feff448000 	C:\Windows\system32\NSI.dll
0x000007fefc760000 - 0x000007fefc79b000 	C:\Windows\system32\WINMM.dll
0x0000000077ae0000 - 0x0000000077ae7000 	C:\Windows\system32\PSAPI.DLL
0x000000006c110000 - 0x000000006c11f000 	C:\Program Files\Java\jdk1.8.0_20\jre\bin\verify.dll
0x000000006c0e0000 - 0x000000006c108000 	C:\Program Files\Java\jdk1.8.0_20\jre\bin\java.dll
0x000000006c0c0000 - 0x000000006c0d6000 	C:\Program Files\Java\jdk1.8.0_20\jre\bin\zip.dll
0x000007fefdba0000 - 0x000007fefe928000 	C:\Windows\system32\SHELL32.dll
0x000007fefebb0000 - 0x000007fefedb3000 	C:\Windows\system32\ole32.dll
0x000007fefd730000 - 0x000007fefd73f000 	C:\Windows\system32\profapi.dll
0x0000000065580000 - 0x000000006561b000 	C:\Users\Afonso\AppData\Local\Temp\libgdxAfonso\6806c10d\gdx64.dll
0x000007fefcc60000 - 0x000007fefcc77000 	C:\Windows\system32\CRYPTSP.dll
0x000007fefc960000 - 0x000007fefc9a7000 	C:\Windows\system32\rsaenh.dll
0x000007fefd740000 - 0x000007fefd75e000 	C:\Windows\system32\USERENV.dll
0x000007fefd5c0000 - 0x000007fefd5cf000 	C:\Windows\system32\CRYPTBASE.dll
0x000000006b720000 - 0x000000006b73a000 	C:\Program Files\Java\jdk1.8.0_20\jre\bin\net.dll
0x000007fefcc00000 - 0x000007fefcc55000 	C:\Windows\system32\mswsock.dll
0x000007fefcbf0000 - 0x000007fefcbf7000 	C:\Windows\System32\wship6.dll
0x000007fefb240000 - 0x000007fefb267000 	C:\Windows\system32\IPHLPAPI.DLL
0x000007fefb010000 - 0x000007fefb01b000 	C:\Windows\system32\WINNSI.DLL
0x000007fefad20000 - 0x000007fefad31000 	C:\Windows\system32\dhcpcsvc6.DLL
0x000007fefad00000 - 0x000007fefad18000 	C:\Windows\system32\dhcpcsvc.DLL
0x000000006b6f0000 - 0x000000006b701000 	C:\Program Files\Java\jdk1.8.0_20\jre\bin\nio.dll
0x0000000180000000 - 0x0000000180051000 	C:\Users\Afonso\AppData\Local\Temp\libgdxAfonso\15a3d019\lwjgl64.dll
0x000007fee4880000 - 0x000007fee499d000 	C:\Windows\system32\OPENGL32.dll
0x000007feef380000 - 0x000007feef3ad000 	C:\Windows\system32\GLU32.dll
0x000007fee4780000 - 0x000007fee4871000 	C:\Windows\system32\DDRAW.dll
0x000007fef7950000 - 0x000007fef7958000 	C:\Windows\system32\DCIMAN32.dll
0x000007fefe9d0000 - 0x000007fefeba7000 	C:\Windows\system32\SETUPAPI.dll
0x000007fefda80000 - 0x000007fefdab6000 	C:\Windows\system32\CFGMGR32.dll
0x000007feffb40000 - 0x000007feffc17000 	C:\Windows\system32\OLEAUT32.dll
0x000007fefdac0000 - 0x000007fefdada000 	C:\Windows\system32\DEVOBJ.dll
0x000007fefa9a0000 - 0x000007fefa9b8000 	C:\Windows\system32\dwmapi.dll
0x000007fefc2e0000 - 0x000007fefc2ec000 	C:\Windows\system32\VERSION.dll
0x0000000000370000 - 0x00000000003d4000 	C:\Users\Afonso\AppData\Local\Temp\libgdxAfonso\15a3d019\OpenAL64.dll
0x000007fefb290000 - 0x000007fefb2e6000 	C:\Windows\system32\uxtheme.dll
0x000007feff6c0000 - 0x000007feff759000 	C:\Windows\system32\CLBCatQ.DLL
0x000007fefbc30000 - 0x000007fefbd5c000 	C:\Windows\System32\PROPSYS.dll
0x000007fefda40000 - 0x000007fefda7a000 	C:\Windows\system32\WINTRUST.dll
0x000007fefd8a0000 - 0x000007fefda0c000 	C:\Windows\system32\CRYPT32.dll
0x000007fefd720000 - 0x000007fefd72f000 	C:\Windows\system32\MSASN1.dll
0x000007fee46f0000 - 0x000007fee4778000 	C:\Windows\system32\dsound.dll
0x000007fefc000000 - 0x000007fefc02c000 	C:\Windows\system32\POWRPROF.dll
0x000007fefbd60000 - 0x000007fefbdab000 	C:\Windows\System32\MMDevApi.dll
0x000007fef6cf0000 - 0x000007fef6d3f000 	C:\Windows\system32\AUDIOSES.DLL
0x000007feecad0000 - 0x000007feecae8000 	C:\Windows\system32\atig6pxx.dll
0x0000000059790000 - 0x000000005b2d0000 	C:\Windows\system32\atio6axx.dll
0x000007fef9ed0000 - 0x000007fef9fff000 	C:\Windows\system32\atiadlxx.dll
0x000007fefc030000 - 0x000007fefc041000 	C:\Windows\system32\WTSAPI32.dll
0x000007feec9f0000 - 0x000007feeca19000 	C:\Windows\system32\atig6txx.dll
0x000007fee3900000 - 0x000007fee399c000 	C:\Windows\system32\mscms.dll
0x000007fee4a80000 - 0x000007fee4ac2000 	C:\Windows\system32\icm32.dll
0x0000000066bc0000 - 0x0000000066c7b000 	C:\Users\Afonso\AppData\Local\Temp\libgdxAfonso\dec88d59\gdx-box2d64.dll
0x000007fee5dc0000 - 0x000007fee5ee5000 	C:\Windows\system32\dbghelp.dll

VM Arguments:
jvm_args: -Dfile.encoding=Cp1252 
java_command: com.afonsobordado.CommanderGDX.CommanderDesktop
java_class_path (initial): C:\Users\Afonso\Documents\GitHub\CommanderGDX\bin;C:\Users\Afonso\Documents\GitHub\CommanderGDX\libs\gdx-backend-lwjgl-natives.jar;C:\Users\Afonso\Documents\GitHub\CommanderGDX\libs\gdx-backend-lwjgl.jar;C:\Users\Afonso\Documents\GitHub\CommanderGDX\libs\gdx-natives.jar;C:\Users\Afonso\Documents\GitHub\CommanderGDX\libs\gdx.jar;C:\Users\Afonso\Documents\GitHub\CommanderGDX\libs\gdx-box2d-natives.jar;C:\Users\Afonso\Documents\GitHub\CommanderGDX\libs\gdx-box2d.jar;C:\Users\Afonso\Documents\GitHub\CommanderGDX\libs\jsonbeans-0.5.jar;C:\Users\Afonso\Documents\GitHub\CommanderGDX\libs\junit-4.6.jar;C:\Users\Afonso\Documents\GitHub\CommanderGDX\libs\kryo-2.23.1-SNAPSHOT-all-debug.jar;C:\Users\Afonso\Documents\GitHub\CommanderGDX\libs\minlog-none-1.2.jar
Launcher Type: SUN_STANDARD

Environment Variables:
PATH=C:/Program Files/Java/jdk1.8.0_20/jre/bin/server;C:/Program Files/Java/jdk1.8.0_20/jre/bin;C:/Program Files/Java/jdk1.8.0_20/jre/lib/amd64;C:\Program Files (x86)\NVIDIA Corporation\PhysX\Common;C:\Windows\system32;C:\Windows;C:\Windows\System32\Wbem;C:\Windows\System32\WindowsPowerShell\v1.0\;C:\Program Files (x86)\ATI Technologies\ATI.ACE\Core-Static;C:\Program Files\Java\jdk1.8.0_20\jre\bin;C:\eclipse;
USERNAME=Afonso
OS=Windows_NT
PROCESSOR_IDENTIFIER=AMD64 Family 16 Model 10 Stepping 0, AuthenticAMD



---------------  S Y S T E M  ---------------

OS: Windows 7 , 64 bit Build 7601 Service Pack 1

CPU:total 6 (6 cores per cpu, 1 threads per core) family 16 model 10 stepping 0, cmov, cx8, fxsr, mmx, sse, sse2, sse3, popcnt, mmxext, 3dnowpref, lzcnt, sse4a, tsc, tscinvbit, tscinv

Memory: 4k page, physical 5241016k(2510356k free), swap 10480168k(6880824k free)

vm_info: Java HotSpot(TM) 64-Bit Server VM (25.20-b23) for windows-amd64 JRE (1.8.0_20-b26), built on Jul 30 2014 13:51:23 by "java_re" with MS VC++ 10.0 (VS2010)

time: Wed Oct 15 16:48:49 2014
elapsed time: 179 seconds (0d 0h 2m 59s)

